CRITICAL - 2022-06-07 01:21:44 --> Too few arguments to function App\Controllers\Berita::detail(), 0 passed in C:\xampp\htdocs\login-register-CodeIgniter4-master\system\CodeIgniter.php on line 918 and exactly 1 expected
#0 C:\xampp\htdocs\login-register-CodeIgniter4-master\system\CodeIgniter.php(918): App\Controllers\Berita->detail()
#1 C:\xampp\htdocs\login-register-CodeIgniter4-master\system\CodeIgniter.php(404): CodeIgniter\CodeIgniter->runController(Object(App\Controllers\Berita))
#2 C:\xampp\htdocs\login-register-CodeIgniter4-master\system\CodeIgniter.php(312): CodeIgniter\CodeIgniter->handleRequest(NULL, Object(Config\Cache), false)
#3 C:\xampp\htdocs\login-register-CodeIgniter4-master\public\index.php(45): CodeIgniter\CodeIgniter->run()
#4 C:\xampp\htdocs\login-register-CodeIgniter4-master\system\Commands\Server\rewrite.php(34): require_once('C:\\xampp\\htdocs...')
#5 {main}
CRITICAL - 2022-06-07 01:43:45 --> Call to a member function findAll() on null
#0 C:\xampp\htdocs\login-register-CodeIgniter4-master\system\CodeIgniter.php(918): App\Controllers\Dashboard->index()
#1 C:\xampp\htdocs\login-register-CodeIgniter4-master\system\CodeIgniter.php(404): CodeIgniter\CodeIgniter->runController(Object(App\Controllers\Dashboard))
#2 C:\xampp\htdocs\login-register-CodeIgniter4-master\system\CodeIgniter.php(312): CodeIgniter\CodeIgniter->handleRequest(NULL, Object(Config\Cache), false)
#3 C:\xampp\htdocs\login-register-CodeIgniter4-master\public\index.php(45): CodeIgniter\CodeIgniter->run()
#4 C:\xampp\htdocs\login-register-CodeIgniter4-master\system\Commands\Server\rewrite.php(34): require_once('C:\\xampp\\htdocs...')
#5 {main}
CRITICAL - 2022-06-07 01:43:53 --> Call to a member function findAll() on null
#0 C:\xampp\htdocs\login-register-CodeIgniter4-master\system\CodeIgniter.php(918): App\Controllers\Dashboard->index()
#1 C:\xampp\htdocs\login-register-CodeIgniter4-master\system\CodeIgniter.php(404): CodeIgniter\CodeIgniter->runController(Object(App\Controllers\Dashboard))
#2 C:\xampp\htdocs\login-register-CodeIgniter4-master\system\CodeIgniter.php(312): CodeIgniter\CodeIgniter->handleRequest(NULL, Object(Config\Cache), false)
#3 C:\xampp\htdocs\login-register-CodeIgniter4-master\public\index.php(45): CodeIgniter\CodeIgniter->run()
#4 C:\xampp\htdocs\login-register-CodeIgniter4-master\system\Commands\Server\rewrite.php(34): require_once('C:\\xampp\\htdocs...')
#5 {main}
CRITICAL - 2022-06-07 01:44:48 --> Call to a member function findAll() on null
#0 C:\xampp\htdocs\login-register-CodeIgniter4-master\system\CodeIgniter.php(918): App\Controllers\Dashboard->index()
#1 C:\xampp\htdocs\login-register-CodeIgniter4-master\system\CodeIgniter.php(404): CodeIgniter\CodeIgniter->runController(Object(App\Controllers\Dashboard))
#2 C:\xampp\htdocs\login-register-CodeIgniter4-master\system\CodeIgniter.php(312): CodeIgniter\CodeIgniter->handleRequest(NULL, Object(Config\Cache), false)
#3 C:\xampp\htdocs\login-register-CodeIgniter4-master\public\index.php(45): CodeIgniter\CodeIgniter->run()
#4 C:\xampp\htdocs\login-register-CodeIgniter4-master\system\Commands\Server\rewrite.php(34): require_once('C:\\xampp\\htdocs...')
#5 {main}
CRITICAL - 2022-06-07 01:44:49 --> Call to a member function findAll() on null
#0 C:\xampp\htdocs\login-register-CodeIgniter4-master\system\CodeIgniter.php(918): App\Controllers\Dashboard->index()
#1 C:\xampp\htdocs\login-register-CodeIgniter4-master\system\CodeIgniter.php(404): CodeIgniter\CodeIgniter->runController(Object(App\Controllers\Dashboard))
#2 C:\xampp\htdocs\login-register-CodeIgniter4-master\system\CodeIgniter.php(312): CodeIgniter\CodeIgniter->handleRequest(NULL, Object(Config\Cache), false)
#3 C:\xampp\htdocs\login-register-CodeIgniter4-master\public\index.php(45): CodeIgniter\CodeIgniter->run()
#4 C:\xampp\htdocs\login-register-CodeIgniter4-master\system\Commands\Server\rewrite.php(34): require_once('C:\\xampp\\htdocs...')
#5 {main}
CRITICAL - 2022-06-07 01:45:01 --> Call to a member function findAll() on null
#0 C:\xampp\htdocs\login-register-CodeIgniter4-master\system\CodeIgniter.php(918): App\Controllers\Dashboard->index()
#1 C:\xampp\htdocs\login-register-CodeIgniter4-master\system\CodeIgniter.php(404): CodeIgniter\CodeIgniter->runController(Object(App\Controllers\Dashboard))
#2 C:\xampp\htdocs\login-register-CodeIgniter4-master\system\CodeIgniter.php(312): CodeIgniter\CodeIgniter->handleRequest(NULL, Object(Config\Cache), false)
#3 C:\xampp\htdocs\login-register-CodeIgniter4-master\public\index.php(45): CodeIgniter\CodeIgniter->run()
#4 C:\xampp\htdocs\login-register-CodeIgniter4-master\system\Commands\Server\rewrite.php(34): require_once('C:\\xampp\\htdocs...')
#5 {main}
CRITICAL - 2022-06-07 01:47:16 --> Cannot use object of type stdClass as array
#0 C:\xampp\htdocs\login-register-CodeIgniter4-master\system\View\View.php(246): include()
#1 C:\xampp\htdocs\login-register-CodeIgniter4-master\system\Common.php(1119): CodeIgniter\View\View->render('welcome', Array, true)
#2 C:\xampp\htdocs\login-register-CodeIgniter4-master\app\Controllers\Dashboard.php(20): view('welcome', Array)
#3 C:\xampp\htdocs\login-register-CodeIgniter4-master\system\CodeIgniter.php(918): App\Controllers\Dashboard->index()
#4 C:\xampp\htdocs\login-register-CodeIgniter4-master\system\CodeIgniter.php(404): CodeIgniter\CodeIgniter->runController(Object(App\Controllers\Dashboard))
#5 C:\xampp\htdocs\login-register-CodeIgniter4-master\system\CodeIgniter.php(312): CodeIgniter\CodeIgniter->handleRequest(NULL, Object(Config\Cache), false)
#6 C:\xampp\htdocs\login-register-CodeIgniter4-master\public\index.php(45): CodeIgniter\CodeIgniter->run()
#7 C:\xampp\htdocs\login-register-CodeIgniter4-master\system\Commands\Server\rewrite.php(34): require_once('C:\\xampp\\htdocs...')
#8 {main}
CRITICAL - 2022-06-07 01:47:17 --> Cannot use object of type stdClass as array
#0 C:\xampp\htdocs\login-register-CodeIgniter4-master\system\View\View.php(246): include()
#1 C:\xampp\htdocs\login-register-CodeIgniter4-master\system\Common.php(1119): CodeIgniter\View\View->render('welcome', Array, true)
#2 C:\xampp\htdocs\login-register-CodeIgniter4-master\app\Controllers\Dashboard.php(20): view('welcome', Array)
#3 C:\xampp\htdocs\login-register-CodeIgniter4-master\system\CodeIgniter.php(918): App\Controllers\Dashboard->index()
#4 C:\xampp\htdocs\login-register-CodeIgniter4-master\system\CodeIgniter.php(404): CodeIgniter\CodeIgniter->runController(Object(App\Controllers\Dashboard))
#5 C:\xampp\htdocs\login-register-CodeIgniter4-master\system\CodeIgniter.php(312): CodeIgniter\CodeIgniter->handleRequest(NULL, Object(Config\Cache), false)
#6 C:\xampp\htdocs\login-register-CodeIgniter4-master\public\index.php(45): CodeIgniter\CodeIgniter->run()
#7 C:\xampp\htdocs\login-register-CodeIgniter4-master\system\Commands\Server\rewrite.php(34): require_once('C:\\xampp\\htdocs...')
#8 {main}
CRITICAL - 2022-06-07 01:47:17 --> Cannot use object of type stdClass as array
#0 C:\xampp\htdocs\login-register-CodeIgniter4-master\system\View\View.php(246): include()
#1 C:\xampp\htdocs\login-register-CodeIgniter4-master\system\Common.php(1119): CodeIgniter\View\View->render('welcome', Array, true)
#2 C:\xampp\htdocs\login-register-CodeIgniter4-master\app\Controllers\Dashboard.php(20): view('welcome', Array)
#3 C:\xampp\htdocs\login-register-CodeIgniter4-master\system\CodeIgniter.php(918): App\Controllers\Dashboard->index()
#4 C:\xampp\htdocs\login-register-CodeIgniter4-master\system\CodeIgniter.php(404): CodeIgniter\CodeIgniter->runController(Object(App\Controllers\Dashboard))
#5 C:\xampp\htdocs\login-register-CodeIgniter4-master\system\CodeIgniter.php(312): CodeIgniter\CodeIgniter->handleRequest(NULL, Object(Config\Cache), false)
#6 C:\xampp\htdocs\login-register-CodeIgniter4-master\public\index.php(45): CodeIgniter\CodeIgniter->run()
#7 C:\xampp\htdocs\login-register-CodeIgniter4-master\system\Commands\Server\rewrite.php(34): require_once('C:\\xampp\\htdocs...')
#8 {main}
CRITICAL - 2022-06-07 01:47:17 --> Cannot use object of type stdClass as array
#0 C:\xampp\htdocs\login-register-CodeIgniter4-master\system\View\View.php(246): include()
#1 C:\xampp\htdocs\login-register-CodeIgniter4-master\system\Common.php(1119): CodeIgniter\View\View->render('welcome', Array, true)
#2 C:\xampp\htdocs\login-register-CodeIgniter4-master\app\Controllers\Dashboard.php(20): view('welcome', Array)
#3 C:\xampp\htdocs\login-register-CodeIgniter4-master\system\CodeIgniter.php(918): App\Controllers\Dashboard->index()
#4 C:\xampp\htdocs\login-register-CodeIgniter4-master\system\CodeIgniter.php(404): CodeIgniter\CodeIgniter->runController(Object(App\Controllers\Dashboard))
#5 C:\xampp\htdocs\login-register-CodeIgniter4-master\system\CodeIgniter.php(312): CodeIgniter\CodeIgniter->handleRequest(NULL, Object(Config\Cache), false)
#6 C:\xampp\htdocs\login-register-CodeIgniter4-master\public\index.php(45): CodeIgniter\CodeIgniter->run()
#7 C:\xampp\htdocs\login-register-CodeIgniter4-master\system\Commands\Server\rewrite.php(34): require_once('C:\\xampp\\htdocs...')
#8 {main}
CRITICAL - 2022-06-07 01:47:17 --> Cannot use object of type stdClass as array
#0 C:\xampp\htdocs\login-register-CodeIgniter4-master\system\View\View.php(246): include()
#1 C:\xampp\htdocs\login-register-CodeIgniter4-master\system\Common.php(1119): CodeIgniter\View\View->render('welcome', Array, true)
#2 C:\xampp\htdocs\login-register-CodeIgniter4-master\app\Controllers\Dashboard.php(20): view('welcome', Array)
#3 C:\xampp\htdocs\login-register-CodeIgniter4-master\system\CodeIgniter.php(918): App\Controllers\Dashboard->index()
#4 C:\xampp\htdocs\login-register-CodeIgniter4-master\system\CodeIgniter.php(404): CodeIgniter\CodeIgniter->runController(Object(App\Controllers\Dashboard))
#5 C:\xampp\htdocs\login-register-CodeIgniter4-master\system\CodeIgniter.php(312): CodeIgniter\CodeIgniter->handleRequest(NULL, Object(Config\Cache), false)
#6 C:\xampp\htdocs\login-register-CodeIgniter4-master\public\index.php(45): CodeIgniter\CodeIgniter->run()
#7 C:\xampp\htdocs\login-register-CodeIgniter4-master\system\Commands\Server\rewrite.php(34): require_once('C:\\xampp\\htdocs...')
#8 {main}
CRITICAL - 2022-06-07 01:47:18 --> Cannot use object of type stdClass as array
#0 C:\xampp\htdocs\login-register-CodeIgniter4-master\system\View\View.php(246): include()
#1 C:\xampp\htdocs\login-register-CodeIgniter4-master\system\Common.php(1119): CodeIgniter\View\View->render('welcome', Array, true)
#2 C:\xampp\htdocs\login-register-CodeIgniter4-master\app\Controllers\Dashboard.php(20): view('welcome', Array)
#3 C:\xampp\htdocs\login-register-CodeIgniter4-master\system\CodeIgniter.php(918): App\Controllers\Dashboard->index()
#4 C:\xampp\htdocs\login-register-CodeIgniter4-master\system\CodeIgniter.php(404): CodeIgniter\CodeIgniter->runController(Object(App\Controllers\Dashboard))
#5 C:\xampp\htdocs\login-register-CodeIgniter4-master\system\CodeIgniter.php(312): CodeIgniter\CodeIgniter->handleRequest(NULL, Object(Config\Cache), false)
#6 C:\xampp\htdocs\login-register-CodeIgniter4-master\public\index.php(45): CodeIgniter\CodeIgniter->run()
#7 C:\xampp\htdocs\login-register-CodeIgniter4-master\system\Commands\Server\rewrite.php(34): require_once('C:\\xampp\\htdocs...')
#8 {main}
CRITICAL - 2022-06-07 01:47:18 --> Cannot use object of type stdClass as array
#0 C:\xampp\htdocs\login-register-CodeIgniter4-master\system\View\View.php(246): include()
#1 C:\xampp\htdocs\login-register-CodeIgniter4-master\system\Common.php(1119): CodeIgniter\View\View->render('welcome', Array, true)
#2 C:\xampp\htdocs\login-register-CodeIgniter4-master\app\Controllers\Dashboard.php(20): view('welcome', Array)
#3 C:\xampp\htdocs\login-register-CodeIgniter4-master\system\CodeIgniter.php(918): App\Controllers\Dashboard->index()
#4 C:\xampp\htdocs\login-register-CodeIgniter4-master\system\CodeIgniter.php(404): CodeIgniter\CodeIgniter->runController(Object(App\Controllers\Dashboard))
#5 C:\xampp\htdocs\login-register-CodeIgniter4-master\system\CodeIgniter.php(312): CodeIgniter\CodeIgniter->handleRequest(NULL, Object(Config\Cache), false)
#6 C:\xampp\htdocs\login-register-CodeIgniter4-master\public\index.php(45): CodeIgniter\CodeIgniter->run()
#7 C:\xampp\htdocs\login-register-CodeIgniter4-master\system\Commands\Server\rewrite.php(34): require_once('C:\\xampp\\htdocs...')
#8 {main}
CRITICAL - 2022-06-07 01:52:14 --> Cannot use object of type stdClass as array
#0 C:\xampp\htdocs\login-register-CodeIgniter4-master\system\View\View.php(246): include()
#1 C:\xampp\htdocs\login-register-CodeIgniter4-master\system\Common.php(1119): CodeIgniter\View\View->render('welcome', Array, true)
#2 C:\xampp\htdocs\login-register-CodeIgniter4-master\app\Controllers\Dashboard.php(20): view('welcome', Array)
#3 C:\xampp\htdocs\login-register-CodeIgniter4-master\system\CodeIgniter.php(918): App\Controllers\Dashboard->index()
#4 C:\xampp\htdocs\login-register-CodeIgniter4-master\system\CodeIgniter.php(404): CodeIgniter\CodeIgniter->runController(Object(App\Controllers\Dashboard))
#5 C:\xampp\htdocs\login-register-CodeIgniter4-master\system\CodeIgniter.php(312): CodeIgniter\CodeIgniter->handleRequest(NULL, Object(Config\Cache), false)
#6 C:\xampp\htdocs\login-register-CodeIgniter4-master\public\index.php(45): CodeIgniter\CodeIgniter->run()
#7 C:\xampp\htdocs\login-register-CodeIgniter4-master\system\Commands\Server\rewrite.php(34): require_once('C:\\xampp\\htdocs...')
#8 {main}
CRITICAL - 2022-06-07 01:52:22 --> Cannot use object of type stdClass as array
#0 C:\xampp\htdocs\login-register-CodeIgniter4-master\system\View\View.php(246): include()
#1 C:\xampp\htdocs\login-register-CodeIgniter4-master\system\Common.php(1119): CodeIgniter\View\View->render('welcome', Array, true)
#2 C:\xampp\htdocs\login-register-CodeIgniter4-master\app\Controllers\Dashboard.php(20): view('welcome', Array)
#3 C:\xampp\htdocs\login-register-CodeIgniter4-master\system\CodeIgniter.php(918): App\Controllers\Dashboard->index()
#4 C:\xampp\htdocs\login-register-CodeIgniter4-master\system\CodeIgniter.php(404): CodeIgniter\CodeIgniter->runController(Object(App\Controllers\Dashboard))
#5 C:\xampp\htdocs\login-register-CodeIgniter4-master\system\CodeIgniter.php(312): CodeIgniter\CodeIgniter->handleRequest(NULL, Object(Config\Cache), false)
#6 C:\xampp\htdocs\login-register-CodeIgniter4-master\public\index.php(45): CodeIgniter\CodeIgniter->run()
#7 C:\xampp\htdocs\login-register-CodeIgniter4-master\system\Commands\Server\rewrite.php(34): require_once('C:\\xampp\\htdocs...')
#8 {main}
CRITICAL - 2022-06-07 01:52:42 --> Invalid argument supplied for foreach()
#0 C:\xampp\htdocs\login-register-CodeIgniter4-master\app\Views\welcome.php(61): CodeIgniter\Debug\Exceptions->errorHandler(2, 'Invalid argumen...', 'C:\\xampp\\htdocs...', 61, Array)
#1 C:\xampp\htdocs\login-register-CodeIgniter4-master\system\View\View.php(246): include('C:\\xampp\\htdocs...')
#2 C:\xampp\htdocs\login-register-CodeIgniter4-master\system\Common.php(1119): CodeIgniter\View\View->render('welcome', Array, true)
#3 C:\xampp\htdocs\login-register-CodeIgniter4-master\app\Controllers\Dashboard.php(20): view('welcome')
#4 C:\xampp\htdocs\login-register-CodeIgniter4-master\system\CodeIgniter.php(918): App\Controllers\Dashboard->index()
#5 C:\xampp\htdocs\login-register-CodeIgniter4-master\system\CodeIgniter.php(404): CodeIgniter\CodeIgniter->runController(Object(App\Controllers\Dashboard))
#6 C:\xampp\htdocs\login-register-CodeIgniter4-master\system\CodeIgniter.php(312): CodeIgniter\CodeIgniter->handleRequest(NULL, Object(Config\Cache), false)
#7 C:\xampp\htdocs\login-register-CodeIgniter4-master\public\index.php(45): CodeIgniter\CodeIgniter->run()
#8 C:\xampp\htdocs\login-register-CodeIgniter4-master\system\Commands\Server\rewrite.php(34): require_once('C:\\xampp\\htdocs...')
#9 {main}
CRITICAL - 2022-06-07 01:52:44 --> Invalid argument supplied for foreach()
#0 C:\xampp\htdocs\login-register-CodeIgniter4-master\app\Views\welcome.php(61): CodeIgniter\Debug\Exceptions->errorHandler(2, 'Invalid argumen...', 'C:\\xampp\\htdocs...', 61, Array)
#1 C:\xampp\htdocs\login-register-CodeIgniter4-master\system\View\View.php(246): include('C:\\xampp\\htdocs...')
#2 C:\xampp\htdocs\login-register-CodeIgniter4-master\system\Common.php(1119): CodeIgniter\View\View->render('welcome', Array, true)
#3 C:\xampp\htdocs\login-register-CodeIgniter4-master\app\Controllers\Dashboard.php(20): view('welcome')
#4 C:\xampp\htdocs\login-register-CodeIgniter4-master\system\CodeIgniter.php(918): App\Controllers\Dashboard->index()
#5 C:\xampp\htdocs\login-register-CodeIgniter4-master\system\CodeIgniter.php(404): CodeIgniter\CodeIgniter->runController(Object(App\Controllers\Dashboard))
#6 C:\xampp\htdocs\login-register-CodeIgniter4-master\system\CodeIgniter.php(312): CodeIgniter\CodeIgniter->handleRequest(NULL, Object(Config\Cache), false)
#7 C:\xampp\htdocs\login-register-CodeIgniter4-master\public\index.php(45): CodeIgniter\CodeIgniter->run()
#8 C:\xampp\htdocs\login-register-CodeIgniter4-master\system\Commands\Server\rewrite.php(34): require_once('C:\\xampp\\htdocs...')
#9 {main}
CRITICAL - 2022-06-07 01:52:44 --> Invalid argument supplied for foreach()
#0 C:\xampp\htdocs\login-register-CodeIgniter4-master\app\Views\welcome.php(61): CodeIgniter\Debug\Exceptions->errorHandler(2, 'Invalid argumen...', 'C:\\xampp\\htdocs...', 61, Array)
#1 C:\xampp\htdocs\login-register-CodeIgniter4-master\system\View\View.php(246): include('C:\\xampp\\htdocs...')
#2 C:\xampp\htdocs\login-register-CodeIgniter4-master\system\Common.php(1119): CodeIgniter\View\View->render('welcome', Array, true)
#3 C:\xampp\htdocs\login-register-CodeIgniter4-master\app\Controllers\Dashboard.php(20): view('welcome')
#4 C:\xampp\htdocs\login-register-CodeIgniter4-master\system\CodeIgniter.php(918): App\Controllers\Dashboard->index()
#5 C:\xampp\htdocs\login-register-CodeIgniter4-master\system\CodeIgniter.php(404): CodeIgniter\CodeIgniter->runController(Object(App\Controllers\Dashboard))
#6 C:\xampp\htdocs\login-register-CodeIgniter4-master\system\CodeIgniter.php(312): CodeIgniter\CodeIgniter->handleRequest(NULL, Object(Config\Cache), false)
#7 C:\xampp\htdocs\login-register-CodeIgniter4-master\public\index.php(45): CodeIgniter\CodeIgniter->run()
#8 C:\xampp\htdocs\login-register-CodeIgniter4-master\system\Commands\Server\rewrite.php(34): require_once('C:\\xampp\\htdocs...')
#9 {main}
CRITICAL - 2022-06-07 02:05:13 --> Cannot use object of type stdClass as array
#0 C:\xampp\htdocs\login-register-CodeIgniter4-master\system\View\View.php(246): include()
#1 C:\xampp\htdocs\login-register-CodeIgniter4-master\system\Common.php(1119): CodeIgniter\View\View->render('welcome', Array, true)
#2 C:\xampp\htdocs\login-register-CodeIgniter4-master\app\Controllers\Dashboard.php(12): view('welcome', Array)
#3 C:\xampp\htdocs\login-register-CodeIgniter4-master\system\CodeIgniter.php(918): App\Controllers\Dashboard->index()
#4 C:\xampp\htdocs\login-register-CodeIgniter4-master\system\CodeIgniter.php(404): CodeIgniter\CodeIgniter->runController(Object(App\Controllers\Dashboard))
#5 C:\xampp\htdocs\login-register-CodeIgniter4-master\system\CodeIgniter.php(312): CodeIgniter\CodeIgniter->handleRequest(NULL, Object(Config\Cache), false)
#6 C:\xampp\htdocs\login-register-CodeIgniter4-master\public\index.php(45): CodeIgniter\CodeIgniter->run()
#7 C:\xampp\htdocs\login-register-CodeIgniter4-master\system\Commands\Server\rewrite.php(34): require_once('C:\\xampp\\htdocs...')
#8 {main}
CRITICAL - 2022-06-07 02:12:18 --> Cannot use object of type stdClass as array
#0 C:\xampp\htdocs\login-register-CodeIgniter4-master\system\View\View.php(246): include()
#1 C:\xampp\htdocs\login-register-CodeIgniter4-master\system\Common.php(1119): CodeIgniter\View\View->render('welcome', Array, true)
#2 C:\xampp\htdocs\login-register-CodeIgniter4-master\app\Controllers\Dashboard.php(12): view('welcome', Array)
#3 C:\xampp\htdocs\login-register-CodeIgniter4-master\system\CodeIgniter.php(918): App\Controllers\Dashboard->index()
#4 C:\xampp\htdocs\login-register-CodeIgniter4-master\system\CodeIgniter.php(404): CodeIgniter\CodeIgniter->runController(Object(App\Controllers\Dashboard))
#5 C:\xampp\htdocs\login-register-CodeIgniter4-master\system\CodeIgniter.php(312): CodeIgniter\CodeIgniter->handleRequest(NULL, Object(Config\Cache), false)
#6 C:\xampp\htdocs\login-register-CodeIgniter4-master\public\index.php(45): CodeIgniter\CodeIgniter->run()
#7 C:\xampp\htdocs\login-register-CodeIgniter4-master\system\Commands\Server\rewrite.php(34): require_once('C:\\xampp\\htdocs...')
#8 {main}
CRITICAL - 2022-06-07 02:12:19 --> Cannot use object of type stdClass as array
#0 C:\xampp\htdocs\login-register-CodeIgniter4-master\system\View\View.php(246): include()
#1 C:\xampp\htdocs\login-register-CodeIgniter4-master\system\Common.php(1119): CodeIgniter\View\View->render('welcome', Array, true)
#2 C:\xampp\htdocs\login-register-CodeIgniter4-master\app\Controllers\Dashboard.php(12): view('welcome', Array)
#3 C:\xampp\htdocs\login-register-CodeIgniter4-master\system\CodeIgniter.php(918): App\Controllers\Dashboard->index()
#4 C:\xampp\htdocs\login-register-CodeIgniter4-master\system\CodeIgniter.php(404): CodeIgniter\CodeIgniter->runController(Object(App\Controllers\Dashboard))
#5 C:\xampp\htdocs\login-register-CodeIgniter4-master\system\CodeIgniter.php(312): CodeIgniter\CodeIgniter->handleRequest(NULL, Object(Config\Cache), false)
#6 C:\xampp\htdocs\login-register-CodeIgniter4-master\public\index.php(45): CodeIgniter\CodeIgniter->run()
#7 C:\xampp\htdocs\login-register-CodeIgniter4-master\system\Commands\Server\rewrite.php(34): require_once('C:\\xampp\\htdocs...')
#8 {main}
CRITICAL - 2022-06-07 02:12:19 --> Cannot use object of type stdClass as array
#0 C:\xampp\htdocs\login-register-CodeIgniter4-master\system\View\View.php(246): include()
#1 C:\xampp\htdocs\login-register-CodeIgniter4-master\system\Common.php(1119): CodeIgniter\View\View->render('welcome', Array, true)
#2 C:\xampp\htdocs\login-register-CodeIgniter4-master\app\Controllers\Dashboard.php(12): view('welcome', Array)
#3 C:\xampp\htdocs\login-register-CodeIgniter4-master\system\CodeIgniter.php(918): App\Controllers\Dashboard->index()
#4 C:\xampp\htdocs\login-register-CodeIgniter4-master\system\CodeIgniter.php(404): CodeIgniter\CodeIgniter->runController(Object(App\Controllers\Dashboard))
#5 C:\xampp\htdocs\login-register-CodeIgniter4-master\system\CodeIgniter.php(312): CodeIgniter\CodeIgniter->handleRequest(NULL, Object(Config\Cache), false)
#6 C:\xampp\htdocs\login-register-CodeIgniter4-master\public\index.php(45): CodeIgniter\CodeIgniter->run()
#7 C:\xampp\htdocs\login-register-CodeIgniter4-master\system\Commands\Server\rewrite.php(34): require_once('C:\\xampp\\htdocs...')
#8 {main}
CRITICAL - 2022-06-07 02:12:20 --> Cannot use object of type stdClass as array
#0 C:\xampp\htdocs\login-register-CodeIgniter4-master\system\View\View.php(246): include()
#1 C:\xampp\htdocs\login-register-CodeIgniter4-master\system\Common.php(1119): CodeIgniter\View\View->render('welcome', Array, true)
#2 C:\xampp\htdocs\login-register-CodeIgniter4-master\app\Controllers\Dashboard.php(12): view('welcome', Array)
#3 C:\xampp\htdocs\login-register-CodeIgniter4-master\system\CodeIgniter.php(918): App\Controllers\Dashboard->index()
#4 C:\xampp\htdocs\login-register-CodeIgniter4-master\system\CodeIgniter.php(404): CodeIgniter\CodeIgniter->runController(Object(App\Controllers\Dashboard))
#5 C:\xampp\htdocs\login-register-CodeIgniter4-master\system\CodeIgniter.php(312): CodeIgniter\CodeIgniter->handleRequest(NULL, Object(Config\Cache), false)
#6 C:\xampp\htdocs\login-register-CodeIgniter4-master\public\index.php(45): CodeIgniter\CodeIgniter->run()
#7 C:\xampp\htdocs\login-register-CodeIgniter4-master\system\Commands\Server\rewrite.php(34): require_once('C:\\xampp\\htdocs...')
#8 {main}
CRITICAL - 2022-06-07 02:12:20 --> Cannot use object of type stdClass as array
#0 C:\xampp\htdocs\login-register-CodeIgniter4-master\system\View\View.php(246): include()
#1 C:\xampp\htdocs\login-register-CodeIgniter4-master\system\Common.php(1119): CodeIgniter\View\View->render('welcome', Array, true)
#2 C:\xampp\htdocs\login-register-CodeIgniter4-master\app\Controllers\Dashboard.php(12): view('welcome', Array)
#3 C:\xampp\htdocs\login-register-CodeIgniter4-master\system\CodeIgniter.php(918): App\Controllers\Dashboard->index()
#4 C:\xampp\htdocs\login-register-CodeIgniter4-master\system\CodeIgniter.php(404): CodeIgniter\CodeIgniter->runController(Object(App\Controllers\Dashboard))
#5 C:\xampp\htdocs\login-register-CodeIgniter4-master\system\CodeIgniter.php(312): CodeIgniter\CodeIgniter->handleRequest(NULL, Object(Config\Cache), false)
#6 C:\xampp\htdocs\login-register-CodeIgniter4-master\public\index.php(45): CodeIgniter\CodeIgniter->run()
#7 C:\xampp\htdocs\login-register-CodeIgniter4-master\system\Commands\Server\rewrite.php(34): require_once('C:\\xampp\\htdocs...')
#8 {main}
CRITICAL - 2022-06-07 02:12:20 --> Cannot use object of type stdClass as array
#0 C:\xampp\htdocs\login-register-CodeIgniter4-master\system\View\View.php(246): include()
#1 C:\xampp\htdocs\login-register-CodeIgniter4-master\system\Common.php(1119): CodeIgniter\View\View->render('welcome', Array, true)
#2 C:\xampp\htdocs\login-register-CodeIgniter4-master\app\Controllers\Dashboard.php(12): view('welcome', Array)
#3 C:\xampp\htdocs\login-register-CodeIgniter4-master\system\CodeIgniter.php(918): App\Controllers\Dashboard->index()
#4 C:\xampp\htdocs\login-register-CodeIgniter4-master\system\CodeIgniter.php(404): CodeIgniter\CodeIgniter->runController(Object(App\Controllers\Dashboard))
#5 C:\xampp\htdocs\login-register-CodeIgniter4-master\system\CodeIgniter.php(312): CodeIgniter\CodeIgniter->handleRequest(NULL, Object(Config\Cache), false)
#6 C:\xampp\htdocs\login-register-CodeIgniter4-master\public\index.php(45): CodeIgniter\CodeIgniter->run()
#7 C:\xampp\htdocs\login-register-CodeIgniter4-master\system\Commands\Server\rewrite.php(34): require_once('C:\\xampp\\htdocs...')
#8 {main}
CRITICAL - 2022-06-07 02:16:17 --> Cannot use object of type stdClass as array
#0 C:\xampp\htdocs\login-register-CodeIgniter4-master\system\View\View.php(246): include()
#1 C:\xampp\htdocs\login-register-CodeIgniter4-master\system\Common.php(1119): CodeIgniter\View\View->render('welcome', Array, true)
#2 C:\xampp\htdocs\login-register-CodeIgniter4-master\app\Controllers\Dashboard.php(12): view('welcome', Array)
#3 C:\xampp\htdocs\login-register-CodeIgniter4-master\system\CodeIgniter.php(918): App\Controllers\Dashboard->index()
#4 C:\xampp\htdocs\login-register-CodeIgniter4-master\system\CodeIgniter.php(404): CodeIgniter\CodeIgniter->runController(Object(App\Controllers\Dashboard))
#5 C:\xampp\htdocs\login-register-CodeIgniter4-master\system\CodeIgniter.php(312): CodeIgniter\CodeIgniter->handleRequest(NULL, Object(Config\Cache), false)
#6 C:\xampp\htdocs\login-register-CodeIgniter4-master\public\index.php(45): CodeIgniter\CodeIgniter->run()
#7 C:\xampp\htdocs\login-register-CodeIgniter4-master\system\Commands\Server\rewrite.php(34): require_once('C:\\xampp\\htdocs...')
#8 {main}
CRITICAL - 2022-06-07 02:17:04 --> Cannot use object of type stdClass as array
#0 C:\xampp\htdocs\login-register-CodeIgniter4-master\system\View\View.php(246): include()
#1 C:\xampp\htdocs\login-register-CodeIgniter4-master\system\Common.php(1119): CodeIgniter\View\View->render('welcome', Array, true)
#2 C:\xampp\htdocs\login-register-CodeIgniter4-master\app\Controllers\Dashboard.php(13): view('welcome', Array)
#3 C:\xampp\htdocs\login-register-CodeIgniter4-master\system\CodeIgniter.php(918): App\Controllers\Dashboard->index()
#4 C:\xampp\htdocs\login-register-CodeIgniter4-master\system\CodeIgniter.php(404): CodeIgniter\CodeIgniter->runController(Object(App\Controllers\Dashboard))
#5 C:\xampp\htdocs\login-register-CodeIgniter4-master\system\CodeIgniter.php(312): CodeIgniter\CodeIgniter->handleRequest(NULL, Object(Config\Cache), false)
#6 C:\xampp\htdocs\login-register-CodeIgniter4-master\public\index.php(45): CodeIgniter\CodeIgniter->run()
#7 C:\xampp\htdocs\login-register-CodeIgniter4-master\system\Commands\Server\rewrite.php(34): require_once('C:\\xampp\\htdocs...')
#8 {main}
CRITICAL - 2022-06-07 02:17:05 --> Cannot use object of type stdClass as array
#0 C:\xampp\htdocs\login-register-CodeIgniter4-master\system\View\View.php(246): include()
#1 C:\xampp\htdocs\login-register-CodeIgniter4-master\system\Common.php(1119): CodeIgniter\View\View->render('welcome', Array, true)
#2 C:\xampp\htdocs\login-register-CodeIgniter4-master\app\Controllers\Dashboard.php(13): view('welcome', Array)
#3 C:\xampp\htdocs\login-register-CodeIgniter4-master\system\CodeIgniter.php(918): App\Controllers\Dashboard->index()
#4 C:\xampp\htdocs\login-register-CodeIgniter4-master\system\CodeIgniter.php(404): CodeIgniter\CodeIgniter->runController(Object(App\Controllers\Dashboard))
#5 C:\xampp\htdocs\login-register-CodeIgniter4-master\system\CodeIgniter.php(312): CodeIgniter\CodeIgniter->handleRequest(NULL, Object(Config\Cache), false)
#6 C:\xampp\htdocs\login-register-CodeIgniter4-master\public\index.php(45): CodeIgniter\CodeIgniter->run()
#7 C:\xampp\htdocs\login-register-CodeIgniter4-master\system\Commands\Server\rewrite.php(34): require_once('C:\\xampp\\htdocs...')
#8 {main}
CRITICAL - 2022-06-07 02:17:05 --> Cannot use object of type stdClass as array
#0 C:\xampp\htdocs\login-register-CodeIgniter4-master\system\View\View.php(246): include()
#1 C:\xampp\htdocs\login-register-CodeIgniter4-master\system\Common.php(1119): CodeIgniter\View\View->render('welcome', Array, true)
#2 C:\xampp\htdocs\login-register-CodeIgniter4-master\app\Controllers\Dashboard.php(13): view('welcome', Array)
#3 C:\xampp\htdocs\login-register-CodeIgniter4-master\system\CodeIgniter.php(918): App\Controllers\Dashboard->index()
#4 C:\xampp\htdocs\login-register-CodeIgniter4-master\system\CodeIgniter.php(404): CodeIgniter\CodeIgniter->runController(Object(App\Controllers\Dashboard))
#5 C:\xampp\htdocs\login-register-CodeIgniter4-master\system\CodeIgniter.php(312): CodeIgniter\CodeIgniter->handleRequest(NULL, Object(Config\Cache), false)
#6 C:\xampp\htdocs\login-register-CodeIgniter4-master\public\index.php(45): CodeIgniter\CodeIgniter->run()
#7 C:\xampp\htdocs\login-register-CodeIgniter4-master\system\Commands\Server\rewrite.php(34): require_once('C:\\xampp\\htdocs...')
#8 {main}
CRITICAL - 2022-06-07 02:17:05 --> Cannot use object of type stdClass as array
#0 C:\xampp\htdocs\login-register-CodeIgniter4-master\system\View\View.php(246): include()
#1 C:\xampp\htdocs\login-register-CodeIgniter4-master\system\Common.php(1119): CodeIgniter\View\View->render('welcome', Array, true)
#2 C:\xampp\htdocs\login-register-CodeIgniter4-master\app\Controllers\Dashboard.php(13): view('welcome', Array)
#3 C:\xampp\htdocs\login-register-CodeIgniter4-master\system\CodeIgniter.php(918): App\Controllers\Dashboard->index()
#4 C:\xampp\htdocs\login-register-CodeIgniter4-master\system\CodeIgniter.php(404): CodeIgniter\CodeIgniter->runController(Object(App\Controllers\Dashboard))
#5 C:\xampp\htdocs\login-register-CodeIgniter4-master\system\CodeIgniter.php(312): CodeIgniter\CodeIgniter->handleRequest(NULL, Object(Config\Cache), false)
#6 C:\xampp\htdocs\login-register-CodeIgniter4-master\public\index.php(45): CodeIgniter\CodeIgniter->run()
#7 C:\xampp\htdocs\login-register-CodeIgniter4-master\system\Commands\Server\rewrite.php(34): require_once('C:\\xampp\\htdocs...')
#8 {main}
CRITICAL - 2022-06-07 02:49:56 --> Cannot use object of type stdClass as array
#0 C:\xampp\htdocs\login-register-CodeIgniter4-master\system\View\View.php(246): include()
#1 C:\xampp\htdocs\login-register-CodeIgniter4-master\system\Common.php(1119): CodeIgniter\View\View->render('welcome', Array, true)
#2 C:\xampp\htdocs\login-register-CodeIgniter4-master\app\Controllers\Dashboard.php(13): view('welcome', Array)
#3 C:\xampp\htdocs\login-register-CodeIgniter4-master\system\CodeIgniter.php(918): App\Controllers\Dashboard->index()
#4 C:\xampp\htdocs\login-register-CodeIgniter4-master\system\CodeIgniter.php(404): CodeIgniter\CodeIgniter->runController(Object(App\Controllers\Dashboard))
#5 C:\xampp\htdocs\login-register-CodeIgniter4-master\system\CodeIgniter.php(312): CodeIgniter\CodeIgniter->handleRequest(NULL, Object(Config\Cache), false)
#6 C:\xampp\htdocs\login-register-CodeIgniter4-master\public\index.php(45): CodeIgniter\CodeIgniter->run()
#7 C:\xampp\htdocs\login-register-CodeIgniter4-master\system\Commands\Server\rewrite.php(34): require_once('C:\\xampp\\htdocs...')
#8 {main}
CRITICAL - 2022-06-07 02:52:17 --> Use of undefined constant dtberita - assumed 'dtberita' (this will throw an Error in a future version of PHP)
#0 C:\xampp\htdocs\login-register-CodeIgniter4-master\app\Controllers\Dashboard.php(13): CodeIgniter\Debug\Exceptions->errorHandler(2, 'Use of undefine...', 'C:\\xampp\\htdocs...', 13, Array)
#1 C:\xampp\htdocs\login-register-CodeIgniter4-master\system\CodeIgniter.php(918): App\Controllers\Dashboard->index()
#2 C:\xampp\htdocs\login-register-CodeIgniter4-master\system\CodeIgniter.php(404): CodeIgniter\CodeIgniter->runController(Object(App\Controllers\Dashboard))
#3 C:\xampp\htdocs\login-register-CodeIgniter4-master\system\CodeIgniter.php(312): CodeIgniter\CodeIgniter->handleRequest(NULL, Object(Config\Cache), false)
#4 C:\xampp\htdocs\login-register-CodeIgniter4-master\public\index.php(45): CodeIgniter\CodeIgniter->run()
#5 C:\xampp\htdocs\login-register-CodeIgniter4-master\system\Commands\Server\rewrite.php(34): require_once('C:\\xampp\\htdocs...')
#6 {main}
CRITICAL - 2022-06-07 02:57:07 --> Invalid argument supplied for foreach()
#0 C:\xampp\htdocs\login-register-CodeIgniter4-master\app\Views\welcome.php(61): CodeIgniter\Debug\Exceptions->errorHandler(2, 'Invalid argumen...', 'C:\\xampp\\htdocs...', 61, Array)
#1 C:\xampp\htdocs\login-register-CodeIgniter4-master\system\View\View.php(246): include('C:\\xampp\\htdocs...')
#2 C:\xampp\htdocs\login-register-CodeIgniter4-master\system\Common.php(1119): CodeIgniter\View\View->render('welcome', Array, true)
#3 C:\xampp\htdocs\login-register-CodeIgniter4-master\app\Controllers\Dashboard.php(15): view('welcome', Array)
#4 C:\xampp\htdocs\login-register-CodeIgniter4-master\system\CodeIgniter.php(918): App\Controllers\Dashboard->index()
#5 C:\xampp\htdocs\login-register-CodeIgniter4-master\system\CodeIgniter.php(404): CodeIgniter\CodeIgniter->runController(Object(App\Controllers\Dashboard))
#6 C:\xampp\htdocs\login-register-CodeIgniter4-master\system\CodeIgniter.php(312): CodeIgniter\CodeIgniter->handleRequest(NULL, Object(Config\Cache), false)
#7 C:\xampp\htdocs\login-register-CodeIgniter4-master\public\index.php(45): CodeIgniter\CodeIgniter->run()
#8 C:\xampp\htdocs\login-register-CodeIgniter4-master\system\Commands\Server\rewrite.php(34): require_once('C:\\xampp\\htdocs...')
#9 {main}
CRITICAL - 2022-06-07 03:00:29 --> Invalid argument supplied for foreach()
#0 C:\xampp\htdocs\login-register-CodeIgniter4-master\app\Views\welcome.php(61): CodeIgniter\Debug\Exceptions->errorHandler(2, 'Invalid argumen...', 'C:\\xampp\\htdocs...', 61, Array)
#1 C:\xampp\htdocs\login-register-CodeIgniter4-master\system\View\View.php(246): include('C:\\xampp\\htdocs...')
#2 C:\xampp\htdocs\login-register-CodeIgniter4-master\system\Common.php(1119): CodeIgniter\View\View->render('welcome', Array, true)
#3 C:\xampp\htdocs\login-register-CodeIgniter4-master\app\Controllers\Dashboard.php(15): view('welcome', Array)
#4 C:\xampp\htdocs\login-register-CodeIgniter4-master\system\CodeIgniter.php(918): App\Controllers\Dashboard->index()
#5 C:\xampp\htdocs\login-register-CodeIgniter4-master\system\CodeIgniter.php(404): CodeIgniter\CodeIgniter->runController(Object(App\Controllers\Dashboard))
#6 C:\xampp\htdocs\login-register-CodeIgniter4-master\system\CodeIgniter.php(312): CodeIgniter\CodeIgniter->handleRequest(NULL, Object(Config\Cache), false)
#7 C:\xampp\htdocs\login-register-CodeIgniter4-master\public\index.php(45): CodeIgniter\CodeIgniter->run()
#8 C:\xampp\htdocs\login-register-CodeIgniter4-master\system\Commands\Server\rewrite.php(34): require_once('C:\\xampp\\htdocs...')
#9 {main}
CRITICAL - 2022-06-07 03:03:14 --> Invalid argument supplied for foreach()
#0 C:\xampp\htdocs\login-register-CodeIgniter4-master\app\Views\product_view.php(50): CodeIgniter\Debug\Exceptions->errorHandler(2, 'Invalid argumen...', 'C:\\xampp\\htdocs...', 50, Array)
#1 C:\xampp\htdocs\login-register-CodeIgniter4-master\system\View\View.php(246): include('C:\\xampp\\htdocs...')
#2 C:\xampp\htdocs\login-register-CodeIgniter4-master\system\Common.php(1119): CodeIgniter\View\View->render('product_view', Array, true)
#3 C:\xampp\htdocs\login-register-CodeIgniter4-master\app\Controllers\Product.php(13): view('product_view', Array)
#4 C:\xampp\htdocs\login-register-CodeIgniter4-master\system\CodeIgniter.php(918): App\Controllers\Product->index()
#5 C:\xampp\htdocs\login-register-CodeIgniter4-master\system\CodeIgniter.php(404): CodeIgniter\CodeIgniter->runController(Object(App\Controllers\Product))
#6 C:\xampp\htdocs\login-register-CodeIgniter4-master\system\CodeIgniter.php(312): CodeIgniter\CodeIgniter->handleRequest(NULL, Object(Config\Cache), false)
#7 C:\xampp\htdocs\login-register-CodeIgniter4-master\public\index.php(45): CodeIgniter\CodeIgniter->run()
#8 C:\xampp\htdocs\login-register-CodeIgniter4-master\system\Commands\Server\rewrite.php(34): require_once('C:\\xampp\\htdocs...')
#9 {main}
CRITICAL - 2022-06-07 03:05:58 --> Cannot use object of type stdClass as array
#0 C:\xampp\htdocs\login-register-CodeIgniter4-master\system\View\View.php(246): include()
#1 C:\xampp\htdocs\login-register-CodeIgniter4-master\system\Common.php(1119): CodeIgniter\View\View->render('berita_view', Array, true)
#2 C:\xampp\htdocs\login-register-CodeIgniter4-master\app\Controllers\Berita.php(13): view('berita_view', Array)
#3 C:\xampp\htdocs\login-register-CodeIgniter4-master\system\CodeIgniter.php(918): App\Controllers\Berita->index()
#4 C:\xampp\htdocs\login-register-CodeIgniter4-master\system\CodeIgniter.php(404): CodeIgniter\CodeIgniter->runController(Object(App\Controllers\Berita))
#5 C:\xampp\htdocs\login-register-CodeIgniter4-master\system\CodeIgniter.php(312): CodeIgniter\CodeIgniter->handleRequest(NULL, Object(Config\Cache), false)
#6 C:\xampp\htdocs\login-register-CodeIgniter4-master\public\index.php(45): CodeIgniter\CodeIgniter->run()
#7 C:\xampp\htdocs\login-register-CodeIgniter4-master\system\Commands\Server\rewrite.php(34): require_once('C:\\xampp\\htdocs...')
#8 {main}
CRITICAL - 2022-06-07 03:07:29 --> Cannot use object of type stdClass as array
#0 C:\xampp\htdocs\login-register-CodeIgniter4-master\system\View\View.php(246): include()
#1 C:\xampp\htdocs\login-register-CodeIgniter4-master\system\Common.php(1119): CodeIgniter\View\View->render('berita_view', Array, true)
#2 C:\xampp\htdocs\login-register-CodeIgniter4-master\app\Controllers\Berita.php(13): view('berita_view', Array)
#3 C:\xampp\htdocs\login-register-CodeIgniter4-master\system\CodeIgniter.php(918): App\Controllers\Berita->index()
#4 C:\xampp\htdocs\login-register-CodeIgniter4-master\system\CodeIgniter.php(404): CodeIgniter\CodeIgniter->runController(Object(App\Controllers\Berita))
#5 C:\xampp\htdocs\login-register-CodeIgniter4-master\system\CodeIgniter.php(312): CodeIgniter\CodeIgniter->handleRequest(NULL, Object(Config\Cache), false)
#6 C:\xampp\htdocs\login-register-CodeIgniter4-master\public\index.php(45): CodeIgniter\CodeIgniter->run()
#7 C:\xampp\htdocs\login-register-CodeIgniter4-master\system\Commands\Server\rewrite.php(34): require_once('C:\\xampp\\htdocs...')
#8 {main}
CRITICAL - 2022-06-07 03:18:16 --> Cannot use object of type stdClass as array
#0 C:\xampp\htdocs\login-register-CodeIgniter4-master\system\View\View.php(246): include()
#1 C:\xampp\htdocs\login-register-CodeIgniter4-master\system\Common.php(1119): CodeIgniter\View\View->render('welcome', Array, true)
#2 C:\xampp\htdocs\login-register-CodeIgniter4-master\app\Controllers\Dashboard.php(15): view('welcome', Array)
#3 C:\xampp\htdocs\login-register-CodeIgniter4-master\system\CodeIgniter.php(918): App\Controllers\Dashboard->index()
#4 C:\xampp\htdocs\login-register-CodeIgniter4-master\system\CodeIgniter.php(404): CodeIgniter\CodeIgniter->runController(Object(App\Controllers\Dashboard))
#5 C:\xampp\htdocs\login-register-CodeIgniter4-master\system\CodeIgniter.php(312): CodeIgniter\CodeIgniter->handleRequest(NULL, Object(Config\Cache), false)
#6 C:\xampp\htdocs\login-register-CodeIgniter4-master\public\index.php(45): CodeIgniter\CodeIgniter->run()
#7 C:\xampp\htdocs\login-register-CodeIgniter4-master\system\Commands\Server\rewrite.php(34): require_once('C:\\xampp\\htdocs...')
#8 {main}
CRITICAL - 2022-06-07 03:19:08 --> Cannot use object of type stdClass as array
#0 C:\xampp\htdocs\login-register-CodeIgniter4-master\system\View\View.php(246): include()
#1 C:\xampp\htdocs\login-register-CodeIgniter4-master\system\Common.php(1119): CodeIgniter\View\View->render('welcome', Array, true)
#2 C:\xampp\htdocs\login-register-CodeIgniter4-master\app\Controllers\Dashboard.php(15): view('welcome', Array)
#3 C:\xampp\htdocs\login-register-CodeIgniter4-master\system\CodeIgniter.php(918): App\Controllers\Dashboard->index()
#4 C:\xampp\htdocs\login-register-CodeIgniter4-master\system\CodeIgniter.php(404): CodeIgniter\CodeIgniter->runController(Object(App\Controllers\Dashboard))
#5 C:\xampp\htdocs\login-register-CodeIgniter4-master\system\CodeIgniter.php(312): CodeIgniter\CodeIgniter->handleRequest(NULL, Object(Config\Cache), false)
#6 C:\xampp\htdocs\login-register-CodeIgniter4-master\public\index.php(45): CodeIgniter\CodeIgniter->run()
#7 C:\xampp\htdocs\login-register-CodeIgniter4-master\system\Commands\Server\rewrite.php(34): require_once('C:\\xampp\\htdocs...')
#8 {main}
CRITICAL - 2022-06-07 03:19:38 --> Cannot use object of type stdClass as array
#0 C:\xampp\htdocs\login-register-CodeIgniter4-master\system\View\View.php(246): include()
#1 C:\xampp\htdocs\login-register-CodeIgniter4-master\system\Common.php(1119): CodeIgniter\View\View->render('welcome', Array, true)
#2 C:\xampp\htdocs\login-register-CodeIgniter4-master\app\Controllers\Dashboard.php(15): view('welcome', Array)
#3 C:\xampp\htdocs\login-register-CodeIgniter4-master\system\CodeIgniter.php(918): App\Controllers\Dashboard->index()
#4 C:\xampp\htdocs\login-register-CodeIgniter4-master\system\CodeIgniter.php(404): CodeIgniter\CodeIgniter->runController(Object(App\Controllers\Dashboard))
#5 C:\xampp\htdocs\login-register-CodeIgniter4-master\system\CodeIgniter.php(312): CodeIgniter\CodeIgniter->handleRequest(NULL, Object(Config\Cache), false)
#6 C:\xampp\htdocs\login-register-CodeIgniter4-master\public\index.php(45): CodeIgniter\CodeIgniter->run()
#7 C:\xampp\htdocs\login-register-CodeIgniter4-master\system\Commands\Server\rewrite.php(34): require_once('C:\\xampp\\htdocs...')
#8 {main}
CRITICAL - 2022-06-07 03:50:18 --> Cannot use object of type stdClass as array
#0 C:\xampp\htdocs\login-register-CodeIgniter4-master\system\View\View.php(246): include()
#1 C:\xampp\htdocs\login-register-CodeIgniter4-master\system\Common.php(1119): CodeIgniter\View\View->render('welcome', Array, true)
#2 C:\xampp\htdocs\login-register-CodeIgniter4-master\app\Controllers\Dashboard.php(15): view('welcome', Array)
#3 C:\xampp\htdocs\login-register-CodeIgniter4-master\system\CodeIgniter.php(918): App\Controllers\Dashboard->index()
#4 C:\xampp\htdocs\login-register-CodeIgniter4-master\system\CodeIgniter.php(404): CodeIgniter\CodeIgniter->runController(Object(App\Controllers\Dashboard))
#5 C:\xampp\htdocs\login-register-CodeIgniter4-master\system\CodeIgniter.php(312): CodeIgniter\CodeIgniter->handleRequest(NULL, Object(Config\Cache), false)
#6 C:\xampp\htdocs\login-register-CodeIgniter4-master\public\index.php(45): CodeIgniter\CodeIgniter->run()
#7 C:\xampp\htdocs\login-register-CodeIgniter4-master\system\Commands\Server\rewrite.php(34): require_once('C:\\xampp\\htdocs...')
#8 {main}
CRITICAL - 2022-06-07 03:50:40 --> Cannot use object of type stdClass as array
#0 C:\xampp\htdocs\login-register-CodeIgniter4-master\system\View\View.php(246): include()
#1 C:\xampp\htdocs\login-register-CodeIgniter4-master\system\Common.php(1119): CodeIgniter\View\View->render('welcome', Array, true)
#2 C:\xampp\htdocs\login-register-CodeIgniter4-master\app\Controllers\Dashboard.php(15): view('welcome', Array)
#3 C:\xampp\htdocs\login-register-CodeIgniter4-master\system\CodeIgniter.php(918): App\Controllers\Dashboard->index()
#4 C:\xampp\htdocs\login-register-CodeIgniter4-master\system\CodeIgniter.php(404): CodeIgniter\CodeIgniter->runController(Object(App\Controllers\Dashboard))
#5 C:\xampp\htdocs\login-register-CodeIgniter4-master\system\CodeIgniter.php(312): CodeIgniter\CodeIgniter->handleRequest(NULL, Object(Config\Cache), false)
#6 C:\xampp\htdocs\login-register-CodeIgniter4-master\public\index.php(45): CodeIgniter\CodeIgniter->run()
#7 C:\xampp\htdocs\login-register-CodeIgniter4-master\system\Commands\Server\rewrite.php(34): require_once('C:\\xampp\\htdocs...')
#8 {main}
CRITICAL - 2022-06-07 03:51:38 --> Cannot use object of type stdClass as array
#0 C:\xampp\htdocs\login-register-CodeIgniter4-master\system\View\View.php(246): include()
#1 C:\xampp\htdocs\login-register-CodeIgniter4-master\system\Common.php(1119): CodeIgniter\View\View->render('berita_view', Array, true)
#2 C:\xampp\htdocs\login-register-CodeIgniter4-master\app\Controllers\Berita.php(13): view('berita_view', Array)
#3 C:\xampp\htdocs\login-register-CodeIgniter4-master\system\CodeIgniter.php(918): App\Controllers\Berita->index()
#4 C:\xampp\htdocs\login-register-CodeIgniter4-master\system\CodeIgniter.php(404): CodeIgniter\CodeIgniter->runController(Object(App\Controllers\Berita))
#5 C:\xampp\htdocs\login-register-CodeIgniter4-master\system\CodeIgniter.php(312): CodeIgniter\CodeIgniter->handleRequest(NULL, Object(Config\Cache), false)
#6 C:\xampp\htdocs\login-register-CodeIgniter4-master\public\index.php(45): CodeIgniter\CodeIgniter->run()
#7 C:\xampp\htdocs\login-register-CodeIgniter4-master\system\Commands\Server\rewrite.php(34): require_once('C:\\xampp\\htdocs...')
#8 {main}
CRITICAL - 2022-06-07 03:57:59 --> Cannot use object of type stdClass as array
#0 C:\xampp\htdocs\login-register-CodeIgniter4-master\system\View\View.php(246): include()
#1 C:\xampp\htdocs\login-register-CodeIgniter4-master\system\Common.php(1119): CodeIgniter\View\View->render('berita_view', Array, true)
#2 C:\xampp\htdocs\login-register-CodeIgniter4-master\app\Controllers\Berita.php(15): view('berita_view', Array)
#3 C:\xampp\htdocs\login-register-CodeIgniter4-master\system\CodeIgniter.php(918): App\Controllers\Berita->index()
#4 C:\xampp\htdocs\login-register-CodeIgniter4-master\system\CodeIgniter.php(404): CodeIgniter\CodeIgniter->runController(Object(App\Controllers\Berita))
#5 C:\xampp\htdocs\login-register-CodeIgniter4-master\system\CodeIgniter.php(312): CodeIgniter\CodeIgniter->handleRequest(NULL, Object(Config\Cache), false)
#6 C:\xampp\htdocs\login-register-CodeIgniter4-master\public\index.php(45): CodeIgniter\CodeIgniter->run()
#7 C:\xampp\htdocs\login-register-CodeIgniter4-master\system\Commands\Server\rewrite.php(34): require_once('C:\\xampp\\htdocs...')
#8 {main}
CRITICAL - 2022-06-07 04:01:32 --> Cannot use object of type stdClass as array
#0 C:\xampp\htdocs\login-register-CodeIgniter4-master\system\View\View.php(246): include()
#1 C:\xampp\htdocs\login-register-CodeIgniter4-master\system\Common.php(1119): CodeIgniter\View\View->render('berita_view', Array, true)
#2 C:\xampp\htdocs\login-register-CodeIgniter4-master\app\Controllers\Berita.php(15): view('berita_view', Array)
#3 C:\xampp\htdocs\login-register-CodeIgniter4-master\system\CodeIgniter.php(918): App\Controllers\Berita->index()
#4 C:\xampp\htdocs\login-register-CodeIgniter4-master\system\CodeIgniter.php(404): CodeIgniter\CodeIgniter->runController(Object(App\Controllers\Berita))
#5 C:\xampp\htdocs\login-register-CodeIgniter4-master\system\CodeIgniter.php(312): CodeIgniter\CodeIgniter->handleRequest(NULL, Object(Config\Cache), false)
#6 C:\xampp\htdocs\login-register-CodeIgniter4-master\public\index.php(45): CodeIgniter\CodeIgniter->run()
#7 C:\xampp\htdocs\login-register-CodeIgniter4-master\system\Commands\Server\rewrite.php(34): require_once('C:\\xampp\\htdocs...')
#8 {main}
CRITICAL - 2022-06-07 04:06:18 --> Cannot use object of type stdClass as array
#0 C:\xampp\htdocs\login-register-CodeIgniter4-master\system\View\View.php(246): include()
#1 C:\xampp\htdocs\login-register-CodeIgniter4-master\system\Common.php(1119): CodeIgniter\View\View->render('berita_view', Array, true)
#2 C:\xampp\htdocs\login-register-CodeIgniter4-master\app\Controllers\Berita.php(15): view('berita_view', Array)
#3 C:\xampp\htdocs\login-register-CodeIgniter4-master\system\CodeIgniter.php(918): App\Controllers\Berita->index()
#4 C:\xampp\htdocs\login-register-CodeIgniter4-master\system\CodeIgniter.php(404): CodeIgniter\CodeIgniter->runController(Object(App\Controllers\Berita))
#5 C:\xampp\htdocs\login-register-CodeIgniter4-master\system\CodeIgniter.php(312): CodeIgniter\CodeIgniter->handleRequest(NULL, Object(Config\Cache), false)
#6 C:\xampp\htdocs\login-register-CodeIgniter4-master\public\index.php(45): CodeIgniter\CodeIgniter->run()
#7 C:\xampp\htdocs\login-register-CodeIgniter4-master\system\Commands\Server\rewrite.php(34): require_once('C:\\xampp\\htdocs...')
#8 {main}
CRITICAL - 2022-06-07 10:12:05 --> Call to a member function get() on null
#0 C:\xampp\htdocs\login-register-CodeIgniter4-master\system\CodeIgniter.php(918): App\Controllers\Berita->save()
#1 C:\xampp\htdocs\login-register-CodeIgniter4-master\system\CodeIgniter.php(404): CodeIgniter\CodeIgniter->runController(Object(App\Controllers\Berita))
#2 C:\xampp\htdocs\login-register-CodeIgniter4-master\system\CodeIgniter.php(312): CodeIgniter\CodeIgniter->handleRequest(NULL, Object(Config\Cache), false)
#3 C:\xampp\htdocs\login-register-CodeIgniter4-master\public\index.php(45): CodeIgniter\CodeIgniter->run()
#4 C:\xampp\htdocs\login-register-CodeIgniter4-master\system\Commands\Server\rewrite.php(34): require_once('C:\\xampp\\htdocs...')
#5 {main}
CRITICAL - 2022-06-07 10:12:17 --> Call to a member function get() on null
#0 C:\xampp\htdocs\login-register-CodeIgniter4-master\system\CodeIgniter.php(918): App\Controllers\Berita->save()
#1 C:\xampp\htdocs\login-register-CodeIgniter4-master\system\CodeIgniter.php(404): CodeIgniter\CodeIgniter->runController(Object(App\Controllers\Berita))
#2 C:\xampp\htdocs\login-register-CodeIgniter4-master\system\CodeIgniter.php(312): CodeIgniter\CodeIgniter->handleRequest(NULL, Object(Config\Cache), false)
#3 C:\xampp\htdocs\login-register-CodeIgniter4-master\public\index.php(45): CodeIgniter\CodeIgniter->run()
#4 C:\xampp\htdocs\login-register-CodeIgniter4-master\system\Commands\Server\rewrite.php(34): require_once('C:\\xampp\\htdocs...')
#5 {main}
CRITICAL - 2022-06-07 10:14:20 --> Call to a member function get() on null
#0 C:\xampp\htdocs\login-register-CodeIgniter4-master\system\CodeIgniter.php(918): App\Controllers\Berita->save()
#1 C:\xampp\htdocs\login-register-CodeIgniter4-master\system\CodeIgniter.php(404): CodeIgniter\CodeIgniter->runController(Object(App\Controllers\Berita))
#2 C:\xampp\htdocs\login-register-CodeIgniter4-master\system\CodeIgniter.php(312): CodeIgniter\CodeIgniter->handleRequest(NULL, Object(Config\Cache), false)
#3 C:\xampp\htdocs\login-register-CodeIgniter4-master\public\index.php(45): CodeIgniter\CodeIgniter->run()
#4 C:\xampp\htdocs\login-register-CodeIgniter4-master\system\Commands\Server\rewrite.php(34): require_once('C:\\xampp\\htdocs...')
#5 {main}
CRITICAL - 2022-06-07 10:55:21 --> syntax error, unexpected 'echo' (T_ECHO)
#0 C:\xampp\htdocs\login-register-CodeIgniter4-master\system\Common.php(1119): CodeIgniter\View\View->render('welcome', Array, true)
#1 C:\xampp\htdocs\login-register-CodeIgniter4-master\app\Controllers\Dashboard.php(15): view('welcome', Array)
#2 C:\xampp\htdocs\login-register-CodeIgniter4-master\system\CodeIgniter.php(918): App\Controllers\Dashboard->index()
#3 C:\xampp\htdocs\login-register-CodeIgniter4-master\system\CodeIgniter.php(404): CodeIgniter\CodeIgniter->runController(Object(App\Controllers\Dashboard))
#4 C:\xampp\htdocs\login-register-CodeIgniter4-master\system\CodeIgniter.php(312): CodeIgniter\CodeIgniter->handleRequest(NULL, Object(Config\Cache), false)
#5 C:\xampp\htdocs\login-register-CodeIgniter4-master\public\index.php(45): CodeIgniter\CodeIgniter->run()
#6 C:\xampp\htdocs\login-register-CodeIgniter4-master\system\Commands\Server\rewrite.php(34): require_once('C:\\xampp\\htdocs...')
#7 {main}
