CRITICAL - 2022-06-06 04:32:12 --> Argument 2 passed to view() must be of the type array, null given, called in C:\xampp\htdocs\login-register-CodeIgniter4-master\app\Controllers\Login.php on line 10
#0 C:\xampp\htdocs\login-register-CodeIgniter4-master\app\Controllers\Login.php(10): view('login', NULL)
#1 C:\xampp\htdocs\login-register-CodeIgniter4-master\system\CodeIgniter.php(918): App\Controllers\Login->index()
#2 C:\xampp\htdocs\login-register-CodeIgniter4-master\system\CodeIgniter.php(404): CodeIgniter\CodeIgniter->runController(Object(App\Controllers\Login))
#3 C:\xampp\htdocs\login-register-CodeIgniter4-master\system\CodeIgniter.php(312): CodeIgniter\CodeIgniter->handleRequest(NULL, Object(Config\Cache), false)
#4 C:\xampp\htdocs\login-register-CodeIgniter4-master\public\index.php(45): CodeIgniter\CodeIgniter->run()
#5 C:\xampp\htdocs\login-register-CodeIgniter4-master\system\Commands\Server\rewrite.php(34): require_once('C:\\xampp\\htdocs...')
#6 {main}
CRITICAL - 2022-06-06 04:33:59 --> Class 'App\Models\M_berita' not found
#0 C:\xampp\htdocs\login-register-CodeIgniter4-master\system\CodeIgniter.php(918): App\Controllers\Berita->index()
#1 C:\xampp\htdocs\login-register-CodeIgniter4-master\system\CodeIgniter.php(404): CodeIgniter\CodeIgniter->runController(Object(App\Controllers\Berita))
#2 C:\xampp\htdocs\login-register-CodeIgniter4-master\system\CodeIgniter.php(312): CodeIgniter\CodeIgniter->handleRequest(NULL, Object(Config\Cache), false)
#3 C:\xampp\htdocs\login-register-CodeIgniter4-master\public\index.php(45): CodeIgniter\CodeIgniter->run()
#4 C:\xampp\htdocs\login-register-CodeIgniter4-master\system\Commands\Server\rewrite.php(34): require_once('C:\\xampp\\htdocs...')
#5 {main}
CRITICAL - 2022-06-06 04:41:44 --> syntax error, unexpected 'return' (T_RETURN)
#0 C:\xampp\htdocs\login-register-CodeIgniter4-master\system\Autoloader\Autoloader.php(296): CodeIgniter\Autoloader\Autoloader->requireFile('C:\\xampp\\htdocs...')
#1 C:\xampp\htdocs\login-register-CodeIgniter4-master\system\Autoloader\Autoloader.php(258): CodeIgniter\Autoloader\Autoloader->loadInNamespace('App\\Controllers...')
#2 [internal function]: CodeIgniter\Autoloader\Autoloader->loadClass('App\\Controllers...')
#3 [internal function]: spl_autoload_call('App\\Controllers...')
#4 C:\xampp\htdocs\login-register-CodeIgniter4-master\system\CodeIgniter.php(869): class_exists('\\App\\Controller...', true)
#5 C:\xampp\htdocs\login-register-CodeIgniter4-master\system\CodeIgniter.php(394): CodeIgniter\CodeIgniter->startController()
#6 C:\xampp\htdocs\login-register-CodeIgniter4-master\system\CodeIgniter.php(312): CodeIgniter\CodeIgniter->handleRequest(NULL, Object(Config\Cache), false)
#7 C:\xampp\htdocs\login-register-CodeIgniter4-master\public\index.php(45): CodeIgniter\CodeIgniter->run()
#8 C:\xampp\htdocs\login-register-CodeIgniter4-master\system\Commands\Server\rewrite.php(34): require_once('C:\\xampp\\htdocs...')
#9 {main}
CRITICAL - 2022-06-06 04:44:53 --> Use of undefined constant title - assumed 'title' (this will throw an Error in a future version of PHP)
#0 C:\xampp\htdocs\login-register-CodeIgniter4-master\app\Views\welcome.php(10): CodeIgniter\Debug\Exceptions->errorHandler(2, 'Use of undefine...', 'C:\\xampp\\htdocs...', 10, Array)
#1 C:\xampp\htdocs\login-register-CodeIgniter4-master\system\View\View.php(246): include('C:\\xampp\\htdocs...')
#2 C:\xampp\htdocs\login-register-CodeIgniter4-master\system\Common.php(1119): CodeIgniter\View\View->render('welcome', Array, true)
#3 C:\xampp\htdocs\login-register-CodeIgniter4-master\app\Controllers\Dashboard.php(11): view('welcome', Array)
#4 C:\xampp\htdocs\login-register-CodeIgniter4-master\system\CodeIgniter.php(918): App\Controllers\Dashboard->index()
#5 C:\xampp\htdocs\login-register-CodeIgniter4-master\system\CodeIgniter.php(404): CodeIgniter\CodeIgniter->runController(Object(App\Controllers\Dashboard))
#6 C:\xampp\htdocs\login-register-CodeIgniter4-master\system\CodeIgniter.php(312): CodeIgniter\CodeIgniter->handleRequest(NULL, Object(Config\Cache), false)
#7 C:\xampp\htdocs\login-register-CodeIgniter4-master\public\index.php(45): CodeIgniter\CodeIgniter->run()
#8 C:\xampp\htdocs\login-register-CodeIgniter4-master\system\Commands\Server\rewrite.php(34): require_once('C:\\xampp\\htdocs...')
#9 {main}
CRITICAL - 2022-06-06 04:45:00 --> Use of undefined constant title - assumed 'title' (this will throw an Error in a future version of PHP)
#0 C:\xampp\htdocs\login-register-CodeIgniter4-master\app\Views\welcome.php(10): CodeIgniter\Debug\Exceptions->errorHandler(2, 'Use of undefine...', 'C:\\xampp\\htdocs...', 10, Array)
#1 C:\xampp\htdocs\login-register-CodeIgniter4-master\system\View\View.php(246): include('C:\\xampp\\htdocs...')
#2 C:\xampp\htdocs\login-register-CodeIgniter4-master\system\Common.php(1119): CodeIgniter\View\View->render('welcome', Array, true)
#3 C:\xampp\htdocs\login-register-CodeIgniter4-master\app\Controllers\Dashboard.php(11): view('welcome', Array)
#4 C:\xampp\htdocs\login-register-CodeIgniter4-master\system\CodeIgniter.php(918): App\Controllers\Dashboard->index()
#5 C:\xampp\htdocs\login-register-CodeIgniter4-master\system\CodeIgniter.php(404): CodeIgniter\CodeIgniter->runController(Object(App\Controllers\Dashboard))
#6 C:\xampp\htdocs\login-register-CodeIgniter4-master\system\CodeIgniter.php(312): CodeIgniter\CodeIgniter->handleRequest(NULL, Object(Config\Cache), false)
#7 C:\xampp\htdocs\login-register-CodeIgniter4-master\public\index.php(45): CodeIgniter\CodeIgniter->run()
#8 C:\xampp\htdocs\login-register-CodeIgniter4-master\system\Commands\Server\rewrite.php(34): require_once('C:\\xampp\\htdocs...')
#9 {main}
CRITICAL - 2022-06-06 04:45:51 --> Use of undefined constant title - assumed 'title' (this will throw an Error in a future version of PHP)
#0 C:\xampp\htdocs\login-register-CodeIgniter4-master\app\Views\welcome.php(10): CodeIgniter\Debug\Exceptions->errorHandler(2, 'Use of undefine...', 'C:\\xampp\\htdocs...', 10, Array)
#1 C:\xampp\htdocs\login-register-CodeIgniter4-master\system\View\View.php(246): include('C:\\xampp\\htdocs...')
#2 C:\xampp\htdocs\login-register-CodeIgniter4-master\system\Common.php(1119): CodeIgniter\View\View->render('welcome', Array, true)
#3 C:\xampp\htdocs\login-register-CodeIgniter4-master\app\Controllers\Dashboard.php(12): view('welcome', Array)
#4 C:\xampp\htdocs\login-register-CodeIgniter4-master\system\CodeIgniter.php(918): App\Controllers\Dashboard->index()
#5 C:\xampp\htdocs\login-register-CodeIgniter4-master\system\CodeIgniter.php(404): CodeIgniter\CodeIgniter->runController(Object(App\Controllers\Dashboard))
#6 C:\xampp\htdocs\login-register-CodeIgniter4-master\system\CodeIgniter.php(312): CodeIgniter\CodeIgniter->handleRequest(NULL, Object(Config\Cache), false)
#7 C:\xampp\htdocs\login-register-CodeIgniter4-master\public\index.php(45): CodeIgniter\CodeIgniter->run()
#8 C:\xampp\htdocs\login-register-CodeIgniter4-master\system\Commands\Server\rewrite.php(34): require_once('C:\\xampp\\htdocs...')
#9 {main}
CRITICAL - 2022-06-06 04:46:16 --> Use of undefined constant title - assumed 'title' (this will throw an Error in a future version of PHP)
#0 C:\xampp\htdocs\login-register-CodeIgniter4-master\app\Views\welcome.php(10): CodeIgniter\Debug\Exceptions->errorHandler(2, 'Use of undefine...', 'C:\\xampp\\htdocs...', 10, Array)
#1 C:\xampp\htdocs\login-register-CodeIgniter4-master\system\View\View.php(246): include('C:\\xampp\\htdocs...')
#2 C:\xampp\htdocs\login-register-CodeIgniter4-master\system\Common.php(1119): CodeIgniter\View\View->render('welcome', Array, true)
#3 C:\xampp\htdocs\login-register-CodeIgniter4-master\app\Controllers\Dashboard.php(12): view('welcome', Array)
#4 C:\xampp\htdocs\login-register-CodeIgniter4-master\system\CodeIgniter.php(918): App\Controllers\Dashboard->index()
#5 C:\xampp\htdocs\login-register-CodeIgniter4-master\system\CodeIgniter.php(404): CodeIgniter\CodeIgniter->runController(Object(App\Controllers\Dashboard))
#6 C:\xampp\htdocs\login-register-CodeIgniter4-master\system\CodeIgniter.php(312): CodeIgniter\CodeIgniter->handleRequest(NULL, Object(Config\Cache), false)
#7 C:\xampp\htdocs\login-register-CodeIgniter4-master\public\index.php(45): CodeIgniter\CodeIgniter->run()
#8 C:\xampp\htdocs\login-register-CodeIgniter4-master\system\Commands\Server\rewrite.php(34): require_once('C:\\xampp\\htdocs...')
#9 {main}
CRITICAL - 2022-06-06 04:46:20 --> Use of undefined constant title - assumed 'title' (this will throw an Error in a future version of PHP)
#0 C:\xampp\htdocs\login-register-CodeIgniter4-master\app\Views\welcome.php(10): CodeIgniter\Debug\Exceptions->errorHandler(2, 'Use of undefine...', 'C:\\xampp\\htdocs...', 10, Array)
#1 C:\xampp\htdocs\login-register-CodeIgniter4-master\system\View\View.php(246): include('C:\\xampp\\htdocs...')
#2 C:\xampp\htdocs\login-register-CodeIgniter4-master\system\Common.php(1119): CodeIgniter\View\View->render('welcome', Array, true)
#3 C:\xampp\htdocs\login-register-CodeIgniter4-master\app\Controllers\Dashboard.php(12): view('welcome', Array)
#4 C:\xampp\htdocs\login-register-CodeIgniter4-master\system\CodeIgniter.php(918): App\Controllers\Dashboard->index()
#5 C:\xampp\htdocs\login-register-CodeIgniter4-master\system\CodeIgniter.php(404): CodeIgniter\CodeIgniter->runController(Object(App\Controllers\Dashboard))
#6 C:\xampp\htdocs\login-register-CodeIgniter4-master\system\CodeIgniter.php(312): CodeIgniter\CodeIgniter->handleRequest(NULL, Object(Config\Cache), false)
#7 C:\xampp\htdocs\login-register-CodeIgniter4-master\public\index.php(45): CodeIgniter\CodeIgniter->run()
#8 C:\xampp\htdocs\login-register-CodeIgniter4-master\system\Commands\Server\rewrite.php(34): require_once('C:\\xampp\\htdocs...')
#9 {main}
CRITICAL - 2022-06-06 04:47:19 --> Use of undefined constant title - assumed 'title' (this will throw an Error in a future version of PHP)
#0 C:\xampp\htdocs\login-register-CodeIgniter4-master\app\Views\welcome.php(10): CodeIgniter\Debug\Exceptions->errorHandler(2, 'Use of undefine...', 'C:\\xampp\\htdocs...', 10, Array)
#1 C:\xampp\htdocs\login-register-CodeIgniter4-master\system\View\View.php(246): include('C:\\xampp\\htdocs...')
#2 C:\xampp\htdocs\login-register-CodeIgniter4-master\system\Common.php(1119): CodeIgniter\View\View->render('welcome', Array, true)
#3 C:\xampp\htdocs\login-register-CodeIgniter4-master\app\Controllers\Dashboard.php(12): view('welcome', Array)
#4 C:\xampp\htdocs\login-register-CodeIgniter4-master\system\CodeIgniter.php(918): App\Controllers\Dashboard->index()
#5 C:\xampp\htdocs\login-register-CodeIgniter4-master\system\CodeIgniter.php(404): CodeIgniter\CodeIgniter->runController(Object(App\Controllers\Dashboard))
#6 C:\xampp\htdocs\login-register-CodeIgniter4-master\system\CodeIgniter.php(312): CodeIgniter\CodeIgniter->handleRequest(NULL, Object(Config\Cache), false)
#7 C:\xampp\htdocs\login-register-CodeIgniter4-master\public\index.php(45): CodeIgniter\CodeIgniter->run()
#8 C:\xampp\htdocs\login-register-CodeIgniter4-master\system\Commands\Server\rewrite.php(34): require_once('C:\\xampp\\htdocs...')
#9 {main}
CRITICAL - 2022-06-06 04:52:17 --> Class 'App\Models\M_berita' not found
#0 C:\xampp\htdocs\login-register-CodeIgniter4-master\system\CodeIgniter.php(918): App\Controllers\Berita->index()
#1 C:\xampp\htdocs\login-register-CodeIgniter4-master\system\CodeIgniter.php(404): CodeIgniter\CodeIgniter->runController(Object(App\Controllers\Berita))
#2 C:\xampp\htdocs\login-register-CodeIgniter4-master\system\CodeIgniter.php(312): CodeIgniter\CodeIgniter->handleRequest(NULL, Object(Config\Cache), false)
#3 C:\xampp\htdocs\login-register-CodeIgniter4-master\public\index.php(45): CodeIgniter\CodeIgniter->run()
#4 C:\xampp\htdocs\login-register-CodeIgniter4-master\system\Commands\Server\rewrite.php(34): require_once('C:\\xampp\\htdocs...')
#5 {main}
CRITICAL - 2022-06-06 04:52:27 --> Class 'App\Models\M_berita' not found
#0 C:\xampp\htdocs\login-register-CodeIgniter4-master\system\CodeIgniter.php(918): App\Controllers\Berita->index()
#1 C:\xampp\htdocs\login-register-CodeIgniter4-master\system\CodeIgniter.php(404): CodeIgniter\CodeIgniter->runController(Object(App\Controllers\Berita))
#2 C:\xampp\htdocs\login-register-CodeIgniter4-master\system\CodeIgniter.php(312): CodeIgniter\CodeIgniter->handleRequest(NULL, Object(Config\Cache), false)
#3 C:\xampp\htdocs\login-register-CodeIgniter4-master\public\index.php(45): CodeIgniter\CodeIgniter->run()
#4 C:\xampp\htdocs\login-register-CodeIgniter4-master\system\Commands\Server\rewrite.php(34): require_once('C:\\xampp\\htdocs...')
#5 {main}
CRITICAL - 2022-06-06 05:05:59 --> Invalid file: view_berita.php
#0 C:\xampp\htdocs\login-register-CodeIgniter4-master\system\View\View.php(228): CodeIgniter\Exceptions\FrameworkException::forInvalidFile('view_berita.php')
#1 C:\xampp\htdocs\login-register-CodeIgniter4-master\system\Common.php(1119): CodeIgniter\View\View->render('view_berita', Array, true)
#2 C:\xampp\htdocs\login-register-CodeIgniter4-master\app\Controllers\Berita.php(12): view('view_berita', Array)
#3 C:\xampp\htdocs\login-register-CodeIgniter4-master\system\CodeIgniter.php(918): App\Controllers\Berita->index()
#4 C:\xampp\htdocs\login-register-CodeIgniter4-master\system\CodeIgniter.php(404): CodeIgniter\CodeIgniter->runController(Object(App\Controllers\Berita))
#5 C:\xampp\htdocs\login-register-CodeIgniter4-master\system\CodeIgniter.php(312): CodeIgniter\CodeIgniter->handleRequest(NULL, Object(Config\Cache), false)
#6 C:\xampp\htdocs\login-register-CodeIgniter4-master\public\index.php(45): CodeIgniter\CodeIgniter->run()
#7 C:\xampp\htdocs\login-register-CodeIgniter4-master\system\Commands\Server\rewrite.php(34): require_once('C:\\xampp\\htdocs...')
#8 {main}
CRITICAL - 2022-06-06 05:15:13 --> Invalid file: view_berita.php
#0 C:\xampp\htdocs\login-register-CodeIgniter4-master\system\View\View.php(228): CodeIgniter\Exceptions\FrameworkException::forInvalidFile('view_berita.php')
#1 C:\xampp\htdocs\login-register-CodeIgniter4-master\system\Common.php(1119): CodeIgniter\View\View->render('view_berita', Array, true)
#2 C:\xampp\htdocs\login-register-CodeIgniter4-master\app\Controllers\Berita.php(12): view('view_berita', Array)
#3 C:\xampp\htdocs\login-register-CodeIgniter4-master\system\CodeIgniter.php(918): App\Controllers\Berita->index()
#4 C:\xampp\htdocs\login-register-CodeIgniter4-master\system\CodeIgniter.php(404): CodeIgniter\CodeIgniter->runController(Object(App\Controllers\Berita))
#5 C:\xampp\htdocs\login-register-CodeIgniter4-master\system\CodeIgniter.php(312): CodeIgniter\CodeIgniter->handleRequest(NULL, Object(Config\Cache), false)
#6 C:\xampp\htdocs\login-register-CodeIgniter4-master\public\index.php(45): CodeIgniter\CodeIgniter->run()
#7 C:\xampp\htdocs\login-register-CodeIgniter4-master\system\Commands\Server\rewrite.php(34): require_once('C:\\xampp\\htdocs...')
#8 {main}
CRITICAL - 2022-06-06 05:16:36 --> Invalid file: view_berita.php
#0 C:\xampp\htdocs\login-register-CodeIgniter4-master\system\View\View.php(228): CodeIgniter\Exceptions\FrameworkException::forInvalidFile('view_berita.php')
#1 C:\xampp\htdocs\login-register-CodeIgniter4-master\system\Common.php(1119): CodeIgniter\View\View->render('view_berita', Array, true)
#2 C:\xampp\htdocs\login-register-CodeIgniter4-master\app\Controllers\Berita.php(12): view('view_berita', Array)
#3 C:\xampp\htdocs\login-register-CodeIgniter4-master\system\CodeIgniter.php(918): App\Controllers\Berita->index()
#4 C:\xampp\htdocs\login-register-CodeIgniter4-master\system\CodeIgniter.php(404): CodeIgniter\CodeIgniter->runController(Object(App\Controllers\Berita))
#5 C:\xampp\htdocs\login-register-CodeIgniter4-master\system\CodeIgniter.php(312): CodeIgniter\CodeIgniter->handleRequest(NULL, Object(Config\Cache), false)
#6 C:\xampp\htdocs\login-register-CodeIgniter4-master\public\index.php(45): CodeIgniter\CodeIgniter->run()
#7 C:\xampp\htdocs\login-register-CodeIgniter4-master\system\Commands\Server\rewrite.php(34): require_once('C:\\xampp\\htdocs...')
#8 {main}
CRITICAL - 2022-06-06 05:17:39 --> Invalid argument supplied for foreach()
#0 C:\xampp\htdocs\login-register-CodeIgniter4-master\app\Views\berita_view.php(50): CodeIgniter\Debug\Exceptions->errorHandler(2, 'Invalid argumen...', 'C:\\xampp\\htdocs...', 50, Array)
#1 C:\xampp\htdocs\login-register-CodeIgniter4-master\system\View\View.php(246): include('C:\\xampp\\htdocs...')
#2 C:\xampp\htdocs\login-register-CodeIgniter4-master\system\Common.php(1119): CodeIgniter\View\View->render('berita_view', Array, true)
#3 C:\xampp\htdocs\login-register-CodeIgniter4-master\app\Controllers\Berita.php(12): view('berita_view', Array)
#4 C:\xampp\htdocs\login-register-CodeIgniter4-master\system\CodeIgniter.php(918): App\Controllers\Berita->index()
#5 C:\xampp\htdocs\login-register-CodeIgniter4-master\system\CodeIgniter.php(404): CodeIgniter\CodeIgniter->runController(Object(App\Controllers\Berita))
#6 C:\xampp\htdocs\login-register-CodeIgniter4-master\system\CodeIgniter.php(312): CodeIgniter\CodeIgniter->handleRequest(NULL, Object(Config\Cache), false)
#7 C:\xampp\htdocs\login-register-CodeIgniter4-master\public\index.php(45): CodeIgniter\CodeIgniter->run()
#8 C:\xampp\htdocs\login-register-CodeIgniter4-master\system\Commands\Server\rewrite.php(34): require_once('C:\\xampp\\htdocs...')
#9 {main}
CRITICAL - 2022-06-06 05:20:07 --> Invalid argument supplied for foreach()
#0 C:\xampp\htdocs\login-register-CodeIgniter4-master\app\Views\berita_view.php(50): CodeIgniter\Debug\Exceptions->errorHandler(2, 'Invalid argumen...', 'C:\\xampp\\htdocs...', 50, Array)
#1 C:\xampp\htdocs\login-register-CodeIgniter4-master\system\View\View.php(246): include('C:\\xampp\\htdocs...')
#2 C:\xampp\htdocs\login-register-CodeIgniter4-master\system\Common.php(1119): CodeIgniter\View\View->render('berita_view', Array, true)
#3 C:\xampp\htdocs\login-register-CodeIgniter4-master\app\Controllers\Berita.php(13): view('berita_view', Array)
#4 C:\xampp\htdocs\login-register-CodeIgniter4-master\system\CodeIgniter.php(918): App\Controllers\Berita->index()
#5 C:\xampp\htdocs\login-register-CodeIgniter4-master\system\CodeIgniter.php(404): CodeIgniter\CodeIgniter->runController(Object(App\Controllers\Berita))
#6 C:\xampp\htdocs\login-register-CodeIgniter4-master\system\CodeIgniter.php(312): CodeIgniter\CodeIgniter->handleRequest(NULL, Object(Config\Cache), false)
#7 C:\xampp\htdocs\login-register-CodeIgniter4-master\public\index.php(45): CodeIgniter\CodeIgniter->run()
#8 C:\xampp\htdocs\login-register-CodeIgniter4-master\system\Commands\Server\rewrite.php(34): require_once('C:\\xampp\\htdocs...')
#9 {main}
CRITICAL - 2022-06-06 23:01:33 --> Use of undefined constant title - assumed 'title' (this will throw an Error in a future version of PHP)
#0 C:\xampp\htdocs\login-register-CodeIgniter4-master\app\Views\welcome.php(10): CodeIgniter\Debug\Exceptions->errorHandler(2, 'Use of undefine...', 'C:\\xampp\\htdocs...', 10, Array)
#1 C:\xampp\htdocs\login-register-CodeIgniter4-master\system\View\View.php(246): include('C:\\xampp\\htdocs...')
#2 C:\xampp\htdocs\login-register-CodeIgniter4-master\system\Common.php(1119): CodeIgniter\View\View->render('welcome', Array, true)
#3 C:\xampp\htdocs\login-register-CodeIgniter4-master\app\Controllers\Dashboard.php(12): view('welcome', Array)
#4 C:\xampp\htdocs\login-register-CodeIgniter4-master\system\CodeIgniter.php(918): App\Controllers\Dashboard->index()
#5 C:\xampp\htdocs\login-register-CodeIgniter4-master\system\CodeIgniter.php(404): CodeIgniter\CodeIgniter->runController(Object(App\Controllers\Dashboard))
#6 C:\xampp\htdocs\login-register-CodeIgniter4-master\system\CodeIgniter.php(312): CodeIgniter\CodeIgniter->handleRequest(NULL, Object(Config\Cache), false)
#7 C:\xampp\htdocs\login-register-CodeIgniter4-master\public\index.php(45): CodeIgniter\CodeIgniter->run()
#8 C:\xampp\htdocs\login-register-CodeIgniter4-master\system\Commands\Server\rewrite.php(34): require_once('C:\\xampp\\htdocs...')
#9 {main}
CRITICAL - 2022-06-06 23:01:50 --> Use of undefined constant title - assumed 'title' (this will throw an Error in a future version of PHP)
#0 C:\xampp\htdocs\login-register-CodeIgniter4-master\app\Views\welcome.php(10): CodeIgniter\Debug\Exceptions->errorHandler(2, 'Use of undefine...', 'C:\\xampp\\htdocs...', 10, Array)
#1 C:\xampp\htdocs\login-register-CodeIgniter4-master\system\View\View.php(246): include('C:\\xampp\\htdocs...')
#2 C:\xampp\htdocs\login-register-CodeIgniter4-master\system\Common.php(1119): CodeIgniter\View\View->render('welcome', Array, true)
#3 C:\xampp\htdocs\login-register-CodeIgniter4-master\app\Controllers\Dashboard.php(12): view('welcome', Array)
#4 C:\xampp\htdocs\login-register-CodeIgniter4-master\system\CodeIgniter.php(918): App\Controllers\Dashboard->index()
#5 C:\xampp\htdocs\login-register-CodeIgniter4-master\system\CodeIgniter.php(404): CodeIgniter\CodeIgniter->runController(Object(App\Controllers\Dashboard))
#6 C:\xampp\htdocs\login-register-CodeIgniter4-master\system\CodeIgniter.php(312): CodeIgniter\CodeIgniter->handleRequest(NULL, Object(Config\Cache), false)
#7 C:\xampp\htdocs\login-register-CodeIgniter4-master\public\index.php(45): CodeIgniter\CodeIgniter->run()
#8 C:\xampp\htdocs\login-register-CodeIgniter4-master\system\Commands\Server\rewrite.php(34): require_once('C:\\xampp\\htdocs...')
#9 {main}
CRITICAL - 2022-06-06 23:03:01 --> Use of undefined constant title - assumed 'title' (this will throw an Error in a future version of PHP)
#0 C:\xampp\htdocs\login-register-CodeIgniter4-master\app\Views\welcome.php(10): CodeIgniter\Debug\Exceptions->errorHandler(2, 'Use of undefine...', 'C:\\xampp\\htdocs...', 10, Array)
#1 C:\xampp\htdocs\login-register-CodeIgniter4-master\system\View\View.php(246): include('C:\\xampp\\htdocs...')
#2 C:\xampp\htdocs\login-register-CodeIgniter4-master\system\Common.php(1119): CodeIgniter\View\View->render('welcome', Array, true)
#3 C:\xampp\htdocs\login-register-CodeIgniter4-master\app\Controllers\Dashboard.php(12): view('welcome', Array)
#4 C:\xampp\htdocs\login-register-CodeIgniter4-master\system\CodeIgniter.php(918): App\Controllers\Dashboard->index()
#5 C:\xampp\htdocs\login-register-CodeIgniter4-master\system\CodeIgniter.php(404): CodeIgniter\CodeIgniter->runController(Object(App\Controllers\Dashboard))
#6 C:\xampp\htdocs\login-register-CodeIgniter4-master\system\CodeIgniter.php(312): CodeIgniter\CodeIgniter->handleRequest(NULL, Object(Config\Cache), false)
#7 C:\xampp\htdocs\login-register-CodeIgniter4-master\public\index.php(45): CodeIgniter\CodeIgniter->run()
#8 C:\xampp\htdocs\login-register-CodeIgniter4-master\system\Commands\Server\rewrite.php(34): require_once('C:\\xampp\\htdocs...')
#9 {main}
CRITICAL - 2022-06-06 23:03:02 --> Use of undefined constant title - assumed 'title' (this will throw an Error in a future version of PHP)
#0 C:\xampp\htdocs\login-register-CodeIgniter4-master\app\Views\welcome.php(10): CodeIgniter\Debug\Exceptions->errorHandler(2, 'Use of undefine...', 'C:\\xampp\\htdocs...', 10, Array)
#1 C:\xampp\htdocs\login-register-CodeIgniter4-master\system\View\View.php(246): include('C:\\xampp\\htdocs...')
#2 C:\xampp\htdocs\login-register-CodeIgniter4-master\system\Common.php(1119): CodeIgniter\View\View->render('welcome', Array, true)
#3 C:\xampp\htdocs\login-register-CodeIgniter4-master\app\Controllers\Dashboard.php(12): view('welcome', Array)
#4 C:\xampp\htdocs\login-register-CodeIgniter4-master\system\CodeIgniter.php(918): App\Controllers\Dashboard->index()
#5 C:\xampp\htdocs\login-register-CodeIgniter4-master\system\CodeIgniter.php(404): CodeIgniter\CodeIgniter->runController(Object(App\Controllers\Dashboard))
#6 C:\xampp\htdocs\login-register-CodeIgniter4-master\system\CodeIgniter.php(312): CodeIgniter\CodeIgniter->handleRequest(NULL, Object(Config\Cache), false)
#7 C:\xampp\htdocs\login-register-CodeIgniter4-master\public\index.php(45): CodeIgniter\CodeIgniter->run()
#8 C:\xampp\htdocs\login-register-CodeIgniter4-master\system\Commands\Server\rewrite.php(34): require_once('C:\\xampp\\htdocs...')
#9 {main}
CRITICAL - 2022-06-06 23:19:46 --> Invalid argument supplied for foreach()
#0 C:\xampp\htdocs\login-register-CodeIgniter4-master\app\Views\welcome.php(64): CodeIgniter\Debug\Exceptions->errorHandler(2, 'Invalid argumen...', 'C:\\xampp\\htdocs...', 64, Array)
#1 C:\xampp\htdocs\login-register-CodeIgniter4-master\system\View\View.php(246): include('C:\\xampp\\htdocs...')
#2 C:\xampp\htdocs\login-register-CodeIgniter4-master\system\Common.php(1119): CodeIgniter\View\View->render('welcome', Array, true)
#3 C:\xampp\htdocs\login-register-CodeIgniter4-master\app\Controllers\Dashboard.php(12): view('welcome', Array)
#4 C:\xampp\htdocs\login-register-CodeIgniter4-master\system\CodeIgniter.php(918): App\Controllers\Dashboard->index()
#5 C:\xampp\htdocs\login-register-CodeIgniter4-master\system\CodeIgniter.php(404): CodeIgniter\CodeIgniter->runController(Object(App\Controllers\Dashboard))
#6 C:\xampp\htdocs\login-register-CodeIgniter4-master\system\CodeIgniter.php(312): CodeIgniter\CodeIgniter->handleRequest(NULL, Object(Config\Cache), false)
#7 C:\xampp\htdocs\login-register-CodeIgniter4-master\public\index.php(45): CodeIgniter\CodeIgniter->run()
#8 C:\xampp\htdocs\login-register-CodeIgniter4-master\system\Commands\Server\rewrite.php(34): require_once('C:\\xampp\\htdocs...')
#9 {main}
CRITICAL - 2022-06-06 23:20:05 --> Argument 2 passed to CodeIgniter\HTTP\RedirectResponse::to() must be of the type int or null, array given, called in C:\xampp\htdocs\login-register-CodeIgniter4-master\app\Controllers\Login.php on line 34
#0 C:\xampp\htdocs\login-register-CodeIgniter4-master\app\Controllers\Login.php(34): CodeIgniter\HTTP\RedirectResponse->to('/dashboard', Array)
#1 C:\xampp\htdocs\login-register-CodeIgniter4-master\system\CodeIgniter.php(918): App\Controllers\Login->auth()
#2 C:\xampp\htdocs\login-register-CodeIgniter4-master\system\CodeIgniter.php(404): CodeIgniter\CodeIgniter->runController(Object(App\Controllers\Login))
#3 C:\xampp\htdocs\login-register-CodeIgniter4-master\system\CodeIgniter.php(312): CodeIgniter\CodeIgniter->handleRequest(NULL, Object(Config\Cache), false)
#4 C:\xampp\htdocs\login-register-CodeIgniter4-master\public\index.php(45): CodeIgniter\CodeIgniter->run()
#5 C:\xampp\htdocs\login-register-CodeIgniter4-master\system\Commands\Server\rewrite.php(34): require_once('C:\\xampp\\htdocs...')
#6 {main}
CRITICAL - 2022-06-06 23:21:07 --> Argument 2 passed to CodeIgniter\HTTP\RedirectResponse::to() must be of the type int or null, array given, called in C:\xampp\htdocs\login-register-CodeIgniter4-master\app\Controllers\Login.php on line 34
#0 C:\xampp\htdocs\login-register-CodeIgniter4-master\app\Controllers\Login.php(34): CodeIgniter\HTTP\RedirectResponse->to('/dashboard', Array)
#1 C:\xampp\htdocs\login-register-CodeIgniter4-master\system\CodeIgniter.php(918): App\Controllers\Login->auth()
#2 C:\xampp\htdocs\login-register-CodeIgniter4-master\system\CodeIgniter.php(404): CodeIgniter\CodeIgniter->runController(Object(App\Controllers\Login))
#3 C:\xampp\htdocs\login-register-CodeIgniter4-master\system\CodeIgniter.php(312): CodeIgniter\CodeIgniter->handleRequest(NULL, Object(Config\Cache), false)
#4 C:\xampp\htdocs\login-register-CodeIgniter4-master\public\index.php(45): CodeIgniter\CodeIgniter->run()
#5 C:\xampp\htdocs\login-register-CodeIgniter4-master\system\Commands\Server\rewrite.php(34): require_once('C:\\xampp\\htdocs...')
#6 {main}
CRITICAL - 2022-06-06 23:24:48 --> Invalid argument supplied for foreach()
#0 C:\xampp\htdocs\login-register-CodeIgniter4-master\app\Views\welcome.php(64): CodeIgniter\Debug\Exceptions->errorHandler(2, 'Invalid argumen...', 'C:\\xampp\\htdocs...', 64, Array)
#1 C:\xampp\htdocs\login-register-CodeIgniter4-master\system\View\View.php(246): include('C:\\xampp\\htdocs...')
#2 C:\xampp\htdocs\login-register-CodeIgniter4-master\system\Common.php(1119): CodeIgniter\View\View->render('welcome', Array, true)
#3 C:\xampp\htdocs\login-register-CodeIgniter4-master\app\Controllers\Dashboard.php(12): view('welcome', Array)
#4 C:\xampp\htdocs\login-register-CodeIgniter4-master\system\CodeIgniter.php(918): App\Controllers\Dashboard->index()
#5 C:\xampp\htdocs\login-register-CodeIgniter4-master\system\CodeIgniter.php(404): CodeIgniter\CodeIgniter->runController(Object(App\Controllers\Dashboard))
#6 C:\xampp\htdocs\login-register-CodeIgniter4-master\system\CodeIgniter.php(312): CodeIgniter\CodeIgniter->handleRequest(NULL, Object(Config\Cache), false)
#7 C:\xampp\htdocs\login-register-CodeIgniter4-master\public\index.php(45): CodeIgniter\CodeIgniter->run()
#8 C:\xampp\htdocs\login-register-CodeIgniter4-master\system\Commands\Server\rewrite.php(34): require_once('C:\\xampp\\htdocs...')
#9 {main}
CRITICAL - 2022-06-06 23:25:40 --> Invalid argument supplied for foreach()
#0 C:\xampp\htdocs\login-register-CodeIgniter4-master\app\Views\welcome.php(64): CodeIgniter\Debug\Exceptions->errorHandler(2, 'Invalid argumen...', 'C:\\xampp\\htdocs...', 64, Array)
#1 C:\xampp\htdocs\login-register-CodeIgniter4-master\system\View\View.php(246): include('C:\\xampp\\htdocs...')
#2 C:\xampp\htdocs\login-register-CodeIgniter4-master\system\Common.php(1119): CodeIgniter\View\View->render('welcome', Array, true)
#3 C:\xampp\htdocs\login-register-CodeIgniter4-master\app\Controllers\Dashboard.php(12): view('welcome', Array)
#4 C:\xampp\htdocs\login-register-CodeIgniter4-master\system\CodeIgniter.php(918): App\Controllers\Dashboard->index()
#5 C:\xampp\htdocs\login-register-CodeIgniter4-master\system\CodeIgniter.php(404): CodeIgniter\CodeIgniter->runController(Object(App\Controllers\Dashboard))
#6 C:\xampp\htdocs\login-register-CodeIgniter4-master\system\CodeIgniter.php(312): CodeIgniter\CodeIgniter->handleRequest(NULL, Object(Config\Cache), false)
#7 C:\xampp\htdocs\login-register-CodeIgniter4-master\public\index.php(45): CodeIgniter\CodeIgniter->run()
#8 C:\xampp\htdocs\login-register-CodeIgniter4-master\system\Commands\Server\rewrite.php(34): require_once('C:\\xampp\\htdocs...')
#9 {main}
CRITICAL - 2022-06-06 23:25:50 --> Invalid argument supplied for foreach()
#0 C:\xampp\htdocs\login-register-CodeIgniter4-master\app\Views\welcome.php(64): CodeIgniter\Debug\Exceptions->errorHandler(2, 'Invalid argumen...', 'C:\\xampp\\htdocs...', 64, Array)
#1 C:\xampp\htdocs\login-register-CodeIgniter4-master\system\View\View.php(246): include('C:\\xampp\\htdocs...')
#2 C:\xampp\htdocs\login-register-CodeIgniter4-master\system\Common.php(1119): CodeIgniter\View\View->render('welcome', Array, true)
#3 C:\xampp\htdocs\login-register-CodeIgniter4-master\app\Controllers\Dashboard.php(12): view('welcome', Array)
#4 C:\xampp\htdocs\login-register-CodeIgniter4-master\system\CodeIgniter.php(918): App\Controllers\Dashboard->index()
#5 C:\xampp\htdocs\login-register-CodeIgniter4-master\system\CodeIgniter.php(404): CodeIgniter\CodeIgniter->runController(Object(App\Controllers\Dashboard))
#6 C:\xampp\htdocs\login-register-CodeIgniter4-master\system\CodeIgniter.php(312): CodeIgniter\CodeIgniter->handleRequest(NULL, Object(Config\Cache), false)
#7 C:\xampp\htdocs\login-register-CodeIgniter4-master\public\index.php(45): CodeIgniter\CodeIgniter->run()
#8 C:\xampp\htdocs\login-register-CodeIgniter4-master\system\Commands\Server\rewrite.php(34): require_once('C:\\xampp\\htdocs...')
#9 {main}
CRITICAL - 2022-06-06 23:27:30 --> Invalid argument supplied for foreach()
#0 C:\xampp\htdocs\login-register-CodeIgniter4-master\app\Views\welcome.php(64): CodeIgniter\Debug\Exceptions->errorHandler(2, 'Invalid argumen...', 'C:\\xampp\\htdocs...', 64, Array)
#1 C:\xampp\htdocs\login-register-CodeIgniter4-master\system\View\View.php(246): include('C:\\xampp\\htdocs...')
#2 C:\xampp\htdocs\login-register-CodeIgniter4-master\system\Common.php(1119): CodeIgniter\View\View->render('welcome', Array, true)
#3 C:\xampp\htdocs\login-register-CodeIgniter4-master\app\Controllers\Dashboard.php(12): view('welcome', Array)
#4 C:\xampp\htdocs\login-register-CodeIgniter4-master\system\CodeIgniter.php(918): App\Controllers\Dashboard->index()
#5 C:\xampp\htdocs\login-register-CodeIgniter4-master\system\CodeIgniter.php(404): CodeIgniter\CodeIgniter->runController(Object(App\Controllers\Dashboard))
#6 C:\xampp\htdocs\login-register-CodeIgniter4-master\system\CodeIgniter.php(312): CodeIgniter\CodeIgniter->handleRequest(NULL, Object(Config\Cache), false)
#7 C:\xampp\htdocs\login-register-CodeIgniter4-master\public\index.php(45): CodeIgniter\CodeIgniter->run()
#8 C:\xampp\htdocs\login-register-CodeIgniter4-master\system\Commands\Server\rewrite.php(34): require_once('C:\\xampp\\htdocs...')
#9 {main}
CRITICAL - 2022-06-06 23:32:12 --> Argument 2 passed to CodeIgniter\HTTP\RedirectResponse::to() must be of the type int or null, array given, called in C:\xampp\htdocs\login-register-CodeIgniter4-master\app\Controllers\Login.php on line 34
#0 C:\xampp\htdocs\login-register-CodeIgniter4-master\app\Controllers\Login.php(34): CodeIgniter\HTTP\RedirectResponse->to('/dashboard', Array)
#1 C:\xampp\htdocs\login-register-CodeIgniter4-master\system\CodeIgniter.php(918): App\Controllers\Login->auth()
#2 C:\xampp\htdocs\login-register-CodeIgniter4-master\system\CodeIgniter.php(404): CodeIgniter\CodeIgniter->runController(Object(App\Controllers\Login))
#3 C:\xampp\htdocs\login-register-CodeIgniter4-master\system\CodeIgniter.php(312): CodeIgniter\CodeIgniter->handleRequest(NULL, Object(Config\Cache), false)
#4 C:\xampp\htdocs\login-register-CodeIgniter4-master\public\index.php(45): CodeIgniter\CodeIgniter->run()
#5 C:\xampp\htdocs\login-register-CodeIgniter4-master\system\Commands\Server\rewrite.php(34): require_once('C:\\xampp\\htdocs...')
#6 {main}
CRITICAL - 2022-06-06 23:40:31 --> Too few arguments to function App\Controllers\Berita::detail(), 0 passed in C:\xampp\htdocs\login-register-CodeIgniter4-master\system\CodeIgniter.php on line 918 and exactly 1 expected
#0 C:\xampp\htdocs\login-register-CodeIgniter4-master\system\CodeIgniter.php(918): App\Controllers\Berita->detail()
#1 C:\xampp\htdocs\login-register-CodeIgniter4-master\system\CodeIgniter.php(404): CodeIgniter\CodeIgniter->runController(Object(App\Controllers\Berita))
#2 C:\xampp\htdocs\login-register-CodeIgniter4-master\system\CodeIgniter.php(312): CodeIgniter\CodeIgniter->handleRequest(NULL, Object(Config\Cache), false)
#3 C:\xampp\htdocs\login-register-CodeIgniter4-master\public\index.php(45): CodeIgniter\CodeIgniter->run()
#4 C:\xampp\htdocs\login-register-CodeIgniter4-master\system\Commands\Server\rewrite.php(34): require_once('C:\\xampp\\htdocs...')
#5 {main}
CRITICAL - 2022-06-06 23:45:28 --> Argument 2 passed to view() must be of the type array, null given, called in C:\xampp\htdocs\login-register-CodeIgniter4-master\app\Controllers\Dashboard.php on line 17
#0 C:\xampp\htdocs\login-register-CodeIgniter4-master\app\Controllers\Dashboard.php(17): view('show_berit', NULL)
#1 C:\xampp\htdocs\login-register-CodeIgniter4-master\system\CodeIgniter.php(918): App\Controllers\Dashboard->index()
#2 C:\xampp\htdocs\login-register-CodeIgniter4-master\system\CodeIgniter.php(404): CodeIgniter\CodeIgniter->runController(Object(App\Controllers\Dashboard))
#3 C:\xampp\htdocs\login-register-CodeIgniter4-master\system\CodeIgniter.php(312): CodeIgniter\CodeIgniter->handleRequest(NULL, Object(Config\Cache), false)
#4 C:\xampp\htdocs\login-register-CodeIgniter4-master\public\index.php(45): CodeIgniter\CodeIgniter->run()
#5 C:\xampp\htdocs\login-register-CodeIgniter4-master\system\Commands\Server\rewrite.php(34): require_once('C:\\xampp\\htdocs...')
#6 {main}
CRITICAL - 2022-06-06 23:45:58 --> Argument 2 passed to view() must be of the type array, null given, called in C:\xampp\htdocs\login-register-CodeIgniter4-master\app\Controllers\Dashboard.php on line 17
#0 C:\xampp\htdocs\login-register-CodeIgniter4-master\app\Controllers\Dashboard.php(17): view('show_berita', NULL)
#1 C:\xampp\htdocs\login-register-CodeIgniter4-master\system\CodeIgniter.php(918): App\Controllers\Dashboard->index()
#2 C:\xampp\htdocs\login-register-CodeIgniter4-master\system\CodeIgniter.php(404): CodeIgniter\CodeIgniter->runController(Object(App\Controllers\Dashboard))
#3 C:\xampp\htdocs\login-register-CodeIgniter4-master\system\CodeIgniter.php(312): CodeIgniter\CodeIgniter->handleRequest(NULL, Object(Config\Cache), false)
#4 C:\xampp\htdocs\login-register-CodeIgniter4-master\public\index.php(45): CodeIgniter\CodeIgniter->run()
#5 C:\xampp\htdocs\login-register-CodeIgniter4-master\system\Commands\Server\rewrite.php(34): require_once('C:\\xampp\\htdocs...')
#6 {main}
CRITICAL - 2022-06-06 23:46:02 --> Argument 2 passed to view() must be of the type array, null given, called in C:\xampp\htdocs\login-register-CodeIgniter4-master\app\Controllers\Dashboard.php on line 17
#0 C:\xampp\htdocs\login-register-CodeIgniter4-master\app\Controllers\Dashboard.php(17): view('show_berita', NULL)
#1 C:\xampp\htdocs\login-register-CodeIgniter4-master\system\CodeIgniter.php(918): App\Controllers\Dashboard->index()
#2 C:\xampp\htdocs\login-register-CodeIgniter4-master\system\CodeIgniter.php(404): CodeIgniter\CodeIgniter->runController(Object(App\Controllers\Dashboard))
#3 C:\xampp\htdocs\login-register-CodeIgniter4-master\system\CodeIgniter.php(312): CodeIgniter\CodeIgniter->handleRequest(NULL, Object(Config\Cache), false)
#4 C:\xampp\htdocs\login-register-CodeIgniter4-master\public\index.php(45): CodeIgniter\CodeIgniter->run()
#5 C:\xampp\htdocs\login-register-CodeIgniter4-master\system\Commands\Server\rewrite.php(34): require_once('C:\\xampp\\htdocs...')
#6 {main}
CRITICAL - 2022-06-06 23:50:34 --> Too few arguments to function App\Controllers\Berita::detail(), 0 passed in C:\xampp\htdocs\login-register-CodeIgniter4-master\system\CodeIgniter.php on line 918 and exactly 1 expected
#0 C:\xampp\htdocs\login-register-CodeIgniter4-master\system\CodeIgniter.php(918): App\Controllers\Berita->detail()
#1 C:\xampp\htdocs\login-register-CodeIgniter4-master\system\CodeIgniter.php(404): CodeIgniter\CodeIgniter->runController(Object(App\Controllers\Berita))
#2 C:\xampp\htdocs\login-register-CodeIgniter4-master\system\CodeIgniter.php(312): CodeIgniter\CodeIgniter->handleRequest(NULL, Object(Config\Cache), false)
#3 C:\xampp\htdocs\login-register-CodeIgniter4-master\public\index.php(45): CodeIgniter\CodeIgniter->run()
#4 C:\xampp\htdocs\login-register-CodeIgniter4-master\system\Commands\Server\rewrite.php(34): require_once('C:\\xampp\\htdocs...')
#5 {main}
CRITICAL - 2022-06-06 23:50:40 --> Too few arguments to function App\Controllers\Berita::detail(), 0 passed in C:\xampp\htdocs\login-register-CodeIgniter4-master\system\CodeIgniter.php on line 918 and exactly 1 expected
#0 C:\xampp\htdocs\login-register-CodeIgniter4-master\system\CodeIgniter.php(918): App\Controllers\Berita->detail()
#1 C:\xampp\htdocs\login-register-CodeIgniter4-master\system\CodeIgniter.php(404): CodeIgniter\CodeIgniter->runController(Object(App\Controllers\Berita))
#2 C:\xampp\htdocs\login-register-CodeIgniter4-master\system\CodeIgniter.php(312): CodeIgniter\CodeIgniter->handleRequest(NULL, Object(Config\Cache), false)
#3 C:\xampp\htdocs\login-register-CodeIgniter4-master\public\index.php(45): CodeIgniter\CodeIgniter->run()
#4 C:\xampp\htdocs\login-register-CodeIgniter4-master\system\Commands\Server\rewrite.php(34): require_once('C:\\xampp\\htdocs...')
#5 {main}
CRITICAL - 2022-06-06 23:59:04 --> Too few arguments to function App\Controllers\Berita::detail(), 0 passed in C:\xampp\htdocs\login-register-CodeIgniter4-master\system\CodeIgniter.php on line 918 and exactly 1 expected
#0 C:\xampp\htdocs\login-register-CodeIgniter4-master\system\CodeIgniter.php(918): App\Controllers\Berita->detail()
#1 C:\xampp\htdocs\login-register-CodeIgniter4-master\system\CodeIgniter.php(404): CodeIgniter\CodeIgniter->runController(Object(App\Controllers\Berita))
#2 C:\xampp\htdocs\login-register-CodeIgniter4-master\system\CodeIgniter.php(312): CodeIgniter\CodeIgniter->handleRequest(NULL, Object(Config\Cache), false)
#3 C:\xampp\htdocs\login-register-CodeIgniter4-master\public\index.php(45): CodeIgniter\CodeIgniter->run()
#4 C:\xampp\htdocs\login-register-CodeIgniter4-master\system\Commands\Server\rewrite.php(34): require_once('C:\\xampp\\htdocs...')
#5 {main}
